

Started GET "/" for 127.0.0.1 at 2014-12-08 16:14:39 -0800
Processing by Rails::WelcomeController#index as HTML
  Rendered /Users/katemcfaul/.rbenv/versions/2.1.2/lib/ruby/gems/2.1.0/gems/railties-4.1.6/lib/rails/templates/rails/welcome/index.html.erb (2.2ms)
Completed 200 OK in 22ms (Views: 11.3ms | ActiveRecord: 0.0ms)


Started GET "/" for 127.0.0.1 at 2014-12-08 16:14:44 -0800
Processing by Rails::WelcomeController#index as HTML
  Rendered /Users/katemcfaul/.rbenv/versions/2.1.2/lib/ruby/gems/2.1.0/gems/railties-4.1.6/lib/rails/templates/rails/welcome/index.html.erb (0.0ms)
Completed 200 OK in 1ms (Views: 0.7ms | ActiveRecord: 0.0ms)


Started GET "/static_pages" for 127.0.0.1 at 2014-12-08 16:14:46 -0800

ActionController::RoutingError (No route matches [GET] "/static_pages"):
  web-console (2.0.0.beta3) lib/action_dispatch/debug_exceptions.rb:22:in `middleware_call'
  web-console (2.0.0.beta3) lib/action_dispatch/debug_exceptions.rb:13:in `call'
  actionpack (4.1.6) lib/action_dispatch/middleware/show_exceptions.rb:30:in `call'
  railties (4.1.6) lib/rails/rack/logger.rb:38:in `call_app'
  railties (4.1.6) lib/rails/rack/logger.rb:20:in `block in call'
  activesupport (4.1.6) lib/active_support/tagged_logging.rb:68:in `block in tagged'
  activesupport (4.1.6) lib/active_support/tagged_logging.rb:26:in `tagged'
  activesupport (4.1.6) lib/active_support/tagged_logging.rb:68:in `tagged'
  railties (4.1.6) lib/rails/rack/logger.rb:20:in `call'
  actionpack (4.1.6) lib/action_dispatch/middleware/request_id.rb:21:in `call'
  rack (1.5.2) lib/rack/methodoverride.rb:21:in `call'
  rack (1.5.2) lib/rack/runtime.rb:17:in `call'
  activesupport (4.1.6) lib/active_support/cache/strategy/local_cache_middleware.rb:26:in `call'
  rack (1.5.2) lib/rack/lock.rb:17:in `call'
  actionpack (4.1.6) lib/action_dispatch/middleware/static.rb:64:in `call'
  rack (1.5.2) lib/rack/sendfile.rb:112:in `call'
  railties (4.1.6) lib/rails/engine.rb:514:in `call'
  railties (4.1.6) lib/rails/application.rb:144:in `call'
  rack (1.5.2) lib/rack/lock.rb:17:in `call'
  rack (1.5.2) lib/rack/content_length.rb:14:in `call'
  rack (1.5.2) lib/rack/handler/webrick.rb:60:in `service'
  /Users/katemcfaul/.rbenv/versions/2.1.2/lib/ruby/2.1.0/webrick/httpserver.rb:138:in `service'
  /Users/katemcfaul/.rbenv/versions/2.1.2/lib/ruby/2.1.0/webrick/httpserver.rb:94:in `run'
  /Users/katemcfaul/.rbenv/versions/2.1.2/lib/ruby/2.1.0/webrick/server.rb:295:in `block in start_thread'


  Rendered /Users/katemcfaul/.rbenv/versions/2.1.2/lib/ruby/gems/2.1.0/gems/web-console-2.0.0.beta3/lib/action_dispatch/templates/rescues/_trace.html.erb (1.6ms)
  Rendered /Users/katemcfaul/.rbenv/versions/2.1.2/lib/ruby/gems/2.1.0/gems/web-console-2.0.0.beta3/lib/action_dispatch/templates/rescues/routing_error.html.erb within rescues/layout (26.5ms)


Started GET "/static_pages/home" for 127.0.0.1 at 2014-12-08 16:14:52 -0800
Processing by StaticPagesController#home as HTML
  Rendered static_pages/home.html.erb within layouts/application (0.4ms)
Completed 200 OK in 557ms (Views: 556.4ms | ActiveRecord: 0.0ms)


Started GET "/assets/static_pages.css?body=1" for 127.0.0.1 at 2014-12-08 16:14:53 -0800


Started GET "/assets/static_pages.js?body=1" for 127.0.0.1 at 2014-12-08 16:14:53 -0800


Started GET "/assets/application.css?body=1" for 127.0.0.1 at 2014-12-08 16:14:53 -0800


Started GET "/assets/jquery_ujs.js?body=1" for 127.0.0.1 at 2014-12-08 16:14:53 -0800


Started GET "/assets/jquery.js?body=1" for 127.0.0.1 at 2014-12-08 16:14:53 -0800


Started GET "/assets/application.js?body=1" for 127.0.0.1 at 2014-12-08 16:14:53 -0800


Started GET "/assets/turbolinks.js?body=1" for 127.0.0.1 at 2014-12-08 16:14:53 -0800


Started GET "/static_pages/home" for 127.0.0.1 at 2014-12-08 16:19:44 -0800
Processing by StaticPagesController#home as HTML
  Rendered static_pages/home.html.erb within layouts/application (0.4ms)
Completed 200 OK in 45ms (Views: 44.1ms | ActiveRecord: 0.0ms)


Started GET "/assets/static_pages.css?body=1" for 127.0.0.1 at 2014-12-08 16:19:44 -0800


Started GET "/assets/application.css?body=1" for 127.0.0.1 at 2014-12-08 16:19:44 -0800


Started GET "/assets/application.js?body=1" for 127.0.0.1 at 2014-12-08 16:19:44 -0800


Started GET "/assets/jquery_ujs.js?body=1" for 127.0.0.1 at 2014-12-08 16:19:44 -0800


Started GET "/assets/jquery.js?body=1" for 127.0.0.1 at 2014-12-08 16:19:44 -0800


Started GET "/assets/static_pages.js?body=1" for 127.0.0.1 at 2014-12-08 16:19:44 -0800


Started GET "/assets/turbolinks.js?body=1" for 127.0.0.1 at 2014-12-08 16:19:44 -0800


Started GET "/static_pages/home" for 127.0.0.1 at 2014-12-08 16:33:44 -0800
Processing by StaticPagesController#home as HTML
  Rendered static_pages/home.html.erb within layouts/application (0.0ms)
Completed 200 OK in 39ms (Views: 38.1ms | ActiveRecord: 0.0ms)


Started GET "/assets/static_pages.css?body=1" for 127.0.0.1 at 2014-12-08 16:33:44 -0800


Started GET "/assets/application.css?body=1" for 127.0.0.1 at 2014-12-08 16:33:44 -0800


Started GET "/assets/jquery.js?body=1" for 127.0.0.1 at 2014-12-08 16:33:44 -0800


Started GET "/assets/static_pages.js?body=1" for 127.0.0.1 at 2014-12-08 16:33:44 -0800


Started GET "/assets/turbolinks.js?body=1" for 127.0.0.1 at 2014-12-08 16:33:44 -0800


Started GET "/assets/jquery_ujs.js?body=1" for 127.0.0.1 at 2014-12-08 16:33:44 -0800


Started GET "/assets/application.js?body=1" for 127.0.0.1 at 2014-12-08 16:33:44 -0800


Started GET "/static_pages/about" for 127.0.0.1 at 2014-12-08 16:33:46 -0800
Processing by StaticPagesController#about as HTML
  Rendered static_pages/about.html.erb within layouts/application (0.3ms)
Completed 200 OK in 40ms (Views: 39.2ms | ActiveRecord: 0.0ms)


Started GET "/assets/static_pages.css?body=1" for 127.0.0.1 at 2014-12-08 16:33:46 -0800


Started GET "/assets/application.js?body=1" for 127.0.0.1 at 2014-12-08 16:33:46 -0800


Started GET "/assets/jquery.js?body=1" for 127.0.0.1 at 2014-12-08 16:33:46 -0800


Started GET "/assets/jquery_ujs.js?body=1" for 127.0.0.1 at 2014-12-08 16:33:46 -0800


Started GET "/assets/turbolinks.js?body=1" for 127.0.0.1 at 2014-12-08 16:33:46 -0800


Started GET "/assets/static_pages.js?body=1" for 127.0.0.1 at 2014-12-08 16:33:46 -0800


Started GET "/assets/application.css?body=1" for 127.0.0.1 at 2014-12-08 16:33:46 -0800


Started GET "/home" for 127.0.0.1 at 2014-12-09 11:31:42 -0800
Processing by StaticPagesController#home as HTML
  Rendered static_pages/home.html.erb within layouts/application (1.1ms)
Completed 200 OK in 112ms (Views: 103.9ms | ActiveRecord: 0.0ms)


Started GET "/assets/static_pages.css?body=1" for 127.0.0.1 at 2014-12-09 11:31:43 -0800


Started GET "/assets/jquery_ujs.js?body=1" for 127.0.0.1 at 2014-12-09 11:31:43 -0800


Started GET "/assets/turbolinks.js?body=1" for 127.0.0.1 at 2014-12-09 11:31:43 -0800


Started GET "/assets/jquery.js?body=1" for 127.0.0.1 at 2014-12-09 11:31:43 -0800


Started GET "/assets/application.css?body=1" for 127.0.0.1 at 2014-12-09 11:31:43 -0800


Started GET "/assets/static_pages.js?body=1" for 127.0.0.1 at 2014-12-09 11:31:43 -0800


Started GET "/assets/application.js?body=1" for 127.0.0.1 at 2014-12-09 11:31:43 -0800


Started GET "/static_pages/home" for 127.0.0.1 at 2014-12-09 11:32:33 -0800

ActionController::RoutingError (No route matches [GET] "/static_pages/home"):
  web-console (2.0.0.beta3) lib/action_dispatch/debug_exceptions.rb:22:in `middleware_call'
  web-console (2.0.0.beta3) lib/action_dispatch/debug_exceptions.rb:13:in `call'
  actionpack (4.1.6) lib/action_dispatch/middleware/show_exceptions.rb:30:in `call'
  railties (4.1.6) lib/rails/rack/logger.rb:38:in `call_app'
  railties (4.1.6) lib/rails/rack/logger.rb:20:in `block in call'
  activesupport (4.1.6) lib/active_support/tagged_logging.rb:68:in `block in tagged'
  activesupport (4.1.6) lib/active_support/tagged_logging.rb:26:in `tagged'
  activesupport (4.1.6) lib/active_support/tagged_logging.rb:68:in `tagged'
  railties (4.1.6) lib/rails/rack/logger.rb:20:in `call'
  actionpack (4.1.6) lib/action_dispatch/middleware/request_id.rb:21:in `call'
  rack (1.5.2) lib/rack/methodoverride.rb:21:in `call'
  rack (1.5.2) lib/rack/runtime.rb:17:in `call'
  activesupport (4.1.6) lib/active_support/cache/strategy/local_cache_middleware.rb:26:in `call'
  rack (1.5.2) lib/rack/lock.rb:17:in `call'
  actionpack (4.1.6) lib/action_dispatch/middleware/static.rb:64:in `call'
  rack (1.5.2) lib/rack/sendfile.rb:112:in `call'
  railties (4.1.6) lib/rails/engine.rb:514:in `call'
  railties (4.1.6) lib/rails/application.rb:144:in `call'
  rack (1.5.2) lib/rack/lock.rb:17:in `call'
  rack (1.5.2) lib/rack/content_length.rb:14:in `call'
  rack (1.5.2) lib/rack/handler/webrick.rb:60:in `service'
  /Users/katemcfaul/.rbenv/versions/2.1.2/lib/ruby/2.1.0/webrick/httpserver.rb:138:in `service'
  /Users/katemcfaul/.rbenv/versions/2.1.2/lib/ruby/2.1.0/webrick/httpserver.rb:94:in `run'
  /Users/katemcfaul/.rbenv/versions/2.1.2/lib/ruby/2.1.0/webrick/server.rb:295:in `block in start_thread'


  Rendered /Users/katemcfaul/.rbenv/versions/2.1.2/lib/ruby/gems/2.1.0/gems/web-console-2.0.0.beta3/lib/action_dispatch/templates/rescues/_trace.html.erb (1.3ms)
  Rendered /Users/katemcfaul/.rbenv/versions/2.1.2/lib/ruby/gems/2.1.0/gems/web-console-2.0.0.beta3/lib/action_dispatch/templates/rescues/routing_error.html.erb within rescues/layout (17.9ms)


Started GET "/static_pages" for 127.0.0.1 at 2014-12-09 11:32:36 -0800

ActionController::RoutingError (No route matches [GET] "/static_pages"):
  web-console (2.0.0.beta3) lib/action_dispatch/debug_exceptions.rb:22:in `middleware_call'
  web-console (2.0.0.beta3) lib/action_dispatch/debug_exceptions.rb:13:in `call'
  actionpack (4.1.6) lib/action_dispatch/middleware/show_exceptions.rb:30:in `call'
  railties (4.1.6) lib/rails/rack/logger.rb:38:in `call_app'
  railties (4.1.6) lib/rails/rack/logger.rb:20:in `block in call'
  activesupport (4.1.6) lib/active_support/tagged_logging.rb:68:in `block in tagged'
  activesupport (4.1.6) lib/active_support/tagged_logging.rb:26:in `tagged'
  activesupport (4.1.6) lib/active_support/tagged_logging.rb:68:in `tagged'
  railties (4.1.6) lib/rails/rack/logger.rb:20:in `call'
  actionpack (4.1.6) lib/action_dispatch/middleware/request_id.rb:21:in `call'
  rack (1.5.2) lib/rack/methodoverride.rb:21:in `call'
  rack (1.5.2) lib/rack/runtime.rb:17:in `call'
  activesupport (4.1.6) lib/active_support/cache/strategy/local_cache_middleware.rb:26:in `call'
  rack (1.5.2) lib/rack/lock.rb:17:in `call'
  actionpack (4.1.6) lib/action_dispatch/middleware/static.rb:64:in `call'
  rack (1.5.2) lib/rack/sendfile.rb:112:in `call'
  railties (4.1.6) lib/rails/engine.rb:514:in `call'
  railties (4.1.6) lib/rails/application.rb:144:in `call'
  rack (1.5.2) lib/rack/lock.rb:17:in `call'
  rack (1.5.2) lib/rack/content_length.rb:14:in `call'
  rack (1.5.2) lib/rack/handler/webrick.rb:60:in `service'
  /Users/katemcfaul/.rbenv/versions/2.1.2/lib/ruby/2.1.0/webrick/httpserver.rb:138:in `service'
  /Users/katemcfaul/.rbenv/versions/2.1.2/lib/ruby/2.1.0/webrick/httpserver.rb:94:in `run'
  /Users/katemcfaul/.rbenv/versions/2.1.2/lib/ruby/2.1.0/webrick/server.rb:295:in `block in start_thread'


  Rendered /Users/katemcfaul/.rbenv/versions/2.1.2/lib/ruby/gems/2.1.0/gems/web-console-2.0.0.beta3/lib/action_dispatch/templates/rescues/_trace.html.erb (1.3ms)
  Rendered /Users/katemcfaul/.rbenv/versions/2.1.2/lib/ruby/gems/2.1.0/gems/web-console-2.0.0.beta3/lib/action_dispatch/templates/rescues/routing_error.html.erb within rescues/layout (12.0ms)


Started GET "/static_pages/home" for 127.0.0.1 at 2014-12-09 11:32:36 -0800

ActionController::RoutingError (No route matches [GET] "/static_pages/home"):
  web-console (2.0.0.beta3) lib/action_dispatch/debug_exceptions.rb:22:in `middleware_call'
  web-console (2.0.0.beta3) lib/action_dispatch/debug_exceptions.rb:13:in `call'
  actionpack (4.1.6) lib/action_dispatch/middleware/show_exceptions.rb:30:in `call'
  railties (4.1.6) lib/rails/rack/logger.rb:38:in `call_app'
  railties (4.1.6) lib/rails/rack/logger.rb:20:in `block in call'
  activesupport (4.1.6) lib/active_support/tagged_logging.rb:68:in `block in tagged'
  activesupport (4.1.6) lib/active_support/tagged_logging.rb:26:in `tagged'
  activesupport (4.1.6) lib/active_support/tagged_logging.rb:68:in `tagged'
  railties (4.1.6) lib/rails/rack/logger.rb:20:in `call'
  actionpack (4.1.6) lib/action_dispatch/middleware/request_id.rb:21:in `call'
  rack (1.5.2) lib/rack/methodoverride.rb:21:in `call'
  rack (1.5.2) lib/rack/runtime.rb:17:in `call'
  activesupport (4.1.6) lib/active_support/cache/strategy/local_cache_middleware.rb:26:in `call'
  rack (1.5.2) lib/rack/lock.rb:17:in `call'
  actionpack (4.1.6) lib/action_dispatch/middleware/static.rb:64:in `call'
  rack (1.5.2) lib/rack/sendfile.rb:112:in `call'
  railties (4.1.6) lib/rails/engine.rb:514:in `call'
  railties (4.1.6) lib/rails/application.rb:144:in `call'
  rack (1.5.2) lib/rack/lock.rb:17:in `call'
  rack (1.5.2) lib/rack/content_length.rb:14:in `call'
  rack (1.5.2) lib/rack/handler/webrick.rb:60:in `service'
  /Users/katemcfaul/.rbenv/versions/2.1.2/lib/ruby/2.1.0/webrick/httpserver.rb:138:in `service'
  /Users/katemcfaul/.rbenv/versions/2.1.2/lib/ruby/2.1.0/webrick/httpserver.rb:94:in `run'
  /Users/katemcfaul/.rbenv/versions/2.1.2/lib/ruby/2.1.0/webrick/server.rb:295:in `block in start_thread'


  Rendered /Users/katemcfaul/.rbenv/versions/2.1.2/lib/ruby/gems/2.1.0/gems/web-console-2.0.0.beta3/lib/action_dispatch/templates/rescues/_trace.html.erb (1.4ms)
  Rendered /Users/katemcfaul/.rbenv/versions/2.1.2/lib/ruby/gems/2.1.0/gems/web-console-2.0.0.beta3/lib/action_dispatch/templates/rescues/routing_error.html.erb within rescues/layout (13.0ms)


Started GET "/static_pages/about" for 127.0.0.1 at 2014-12-09 11:32:38 -0800
Processing by StaticPagesController#about as HTML
  Rendered static_pages/about.html.erb within layouts/application (0.4ms)
Completed 200 OK in 43ms (Views: 42.8ms | ActiveRecord: 0.0ms)


Started GET "/assets/static_pages.css?body=1" for 127.0.0.1 at 2014-12-09 11:32:38 -0800


Started GET "/assets/turbolinks.js?body=1" for 127.0.0.1 at 2014-12-09 11:32:38 -0800


Started GET "/assets/application.js?body=1" for 127.0.0.1 at 2014-12-09 11:32:38 -0800


Started GET "/assets/static_pages.js?body=1" for 127.0.0.1 at 2014-12-09 11:32:38 -0800


Started GET "/assets/jquery.js?body=1" for 127.0.0.1 at 2014-12-09 11:32:38 -0800


Started GET "/assets/application.css?body=1" for 127.0.0.1 at 2014-12-09 11:32:38 -0800


Started GET "/assets/jquery_ujs.js?body=1" for 127.0.0.1 at 2014-12-09 11:32:38 -0800


Started GET "/static_pages/about" for 127.0.0.1 at 2014-12-09 11:32:43 -0800

ActionController::RoutingError (No route matches [GET] "/static_pages/about"):
  web-console (2.0.0.beta3) lib/action_dispatch/debug_exceptions.rb:22:in `middleware_call'
  web-console (2.0.0.beta3) lib/action_dispatch/debug_exceptions.rb:13:in `call'
  actionpack (4.1.6) lib/action_dispatch/middleware/show_exceptions.rb:30:in `call'
  railties (4.1.6) lib/rails/rack/logger.rb:38:in `call_app'
  railties (4.1.6) lib/rails/rack/logger.rb:20:in `block in call'
  activesupport (4.1.6) lib/active_support/tagged_logging.rb:68:in `block in tagged'
  activesupport (4.1.6) lib/active_support/tagged_logging.rb:26:in `tagged'
  activesupport (4.1.6) lib/active_support/tagged_logging.rb:68:in `tagged'
  railties (4.1.6) lib/rails/rack/logger.rb:20:in `call'
  actionpack (4.1.6) lib/action_dispatch/middleware/request_id.rb:21:in `call'
  rack (1.5.2) lib/rack/methodoverride.rb:21:in `call'
  rack (1.5.2) lib/rack/runtime.rb:17:in `call'
  activesupport (4.1.6) lib/active_support/cache/strategy/local_cache_middleware.rb:26:in `call'
  rack (1.5.2) lib/rack/lock.rb:17:in `call'
  actionpack (4.1.6) lib/action_dispatch/middleware/static.rb:64:in `call'
  rack (1.5.2) lib/rack/sendfile.rb:112:in `call'
  railties (4.1.6) lib/rails/engine.rb:514:in `call'
  railties (4.1.6) lib/rails/application.rb:144:in `call'
  rack (1.5.2) lib/rack/lock.rb:17:in `call'
  rack (1.5.2) lib/rack/content_length.rb:14:in `call'
  rack (1.5.2) lib/rack/handler/webrick.rb:60:in `service'
  /Users/katemcfaul/.rbenv/versions/2.1.2/lib/ruby/2.1.0/webrick/httpserver.rb:138:in `service'
  /Users/katemcfaul/.rbenv/versions/2.1.2/lib/ruby/2.1.0/webrick/httpserver.rb:94:in `run'
  /Users/katemcfaul/.rbenv/versions/2.1.2/lib/ruby/2.1.0/webrick/server.rb:295:in `block in start_thread'


  Rendered /Users/katemcfaul/.rbenv/versions/2.1.2/lib/ruby/gems/2.1.0/gems/web-console-2.0.0.beta3/lib/action_dispatch/templates/rescues/_trace.html.erb (1.2ms)
  Rendered /Users/katemcfaul/.rbenv/versions/2.1.2/lib/ruby/gems/2.1.0/gems/web-console-2.0.0.beta3/lib/action_dispatch/templates/rescues/routing_error.html.erb within rescues/layout (13.5ms)


Started GET "/pages/about" for 127.0.0.1 at 2014-12-09 11:32:48 -0800

ActionController::RoutingError (uninitialized constant PagesController):
  activesupport (4.1.6) lib/active_support/inflector/methods.rb:238:in `const_get'
  activesupport (4.1.6) lib/active_support/inflector/methods.rb:238:in `block in constantize'
  activesupport (4.1.6) lib/active_support/inflector/methods.rb:236:in `each'
  activesupport (4.1.6) lib/active_support/inflector/methods.rb:236:in `inject'
  activesupport (4.1.6) lib/active_support/inflector/methods.rb:236:in `constantize'
  actionpack (4.1.6) lib/action_dispatch/routing/route_set.rb:78:in `controller_reference'
  actionpack (4.1.6) lib/action_dispatch/routing/route_set.rb:68:in `controller'
  actionpack (4.1.6) lib/action_dispatch/routing/route_set.rb:46:in `call'
  actionpack (4.1.6) lib/action_dispatch/journey/router.rb:73:in `block in call'
  actionpack (4.1.6) lib/action_dispatch/journey/router.rb:59:in `each'
  actionpack (4.1.6) lib/action_dispatch/journey/router.rb:59:in `call'
  actionpack (4.1.6) lib/action_dispatch/routing/route_set.rb:678:in `call'
  rack (1.5.2) lib/rack/etag.rb:23:in `call'
  rack (1.5.2) lib/rack/conditionalget.rb:25:in `call'
  rack (1.5.2) lib/rack/head.rb:11:in `call'
  actionpack (4.1.6) lib/action_dispatch/middleware/params_parser.rb:27:in `call'
  actionpack (4.1.6) lib/action_dispatch/middleware/flash.rb:254:in `call'
  rack (1.5.2) lib/rack/session/abstract/id.rb:225:in `context'
  rack (1.5.2) lib/rack/session/abstract/id.rb:220:in `call'
  actionpack (4.1.6) lib/action_dispatch/middleware/cookies.rb:560:in `call'
  activerecord (4.1.6) lib/active_record/query_cache.rb:36:in `call'
  activerecord (4.1.6) lib/active_record/connection_adapters/abstract/connection_pool.rb:621:in `call'
  activerecord (4.1.6) lib/active_record/migration.rb:380:in `call'
  actionpack (4.1.6) lib/action_dispatch/middleware/callbacks.rb:29:in `block in call'
  activesupport (4.1.6) lib/active_support/callbacks.rb:82:in `run_callbacks'
  actionpack (4.1.6) lib/action_dispatch/middleware/callbacks.rb:27:in `call'
  actionpack (4.1.6) lib/action_dispatch/middleware/reloader.rb:73:in `call'
  actionpack (4.1.6) lib/action_dispatch/middleware/remote_ip.rb:76:in `call'
  web-console (2.0.0.beta3) lib/action_dispatch/debug_exceptions.rb:18:in `middleware_call'
  web-console (2.0.0.beta3) lib/action_dispatch/debug_exceptions.rb:13:in `call'
  actionpack (4.1.6) lib/action_dispatch/middleware/show_exceptions.rb:30:in `call'
  railties (4.1.6) lib/rails/rack/logger.rb:38:in `call_app'
  railties (4.1.6) lib/rails/rack/logger.rb:20:in `block in call'
  activesupport (4.1.6) lib/active_support/tagged_logging.rb:68:in `block in tagged'
  activesupport (4.1.6) lib/active_support/tagged_logging.rb:26:in `tagged'
  activesupport (4.1.6) lib/active_support/tagged_logging.rb:68:in `tagged'
  railties (4.1.6) lib/rails/rack/logger.rb:20:in `call'
  actionpack (4.1.6) lib/action_dispatch/middleware/request_id.rb:21:in `call'
  rack (1.5.2) lib/rack/methodoverride.rb:21:in `call'
  rack (1.5.2) lib/rack/runtime.rb:17:in `call'
  activesupport (4.1.6) lib/active_support/cache/strategy/local_cache_middleware.rb:26:in `call'
  rack (1.5.2) lib/rack/lock.rb:17:in `call'
  actionpack (4.1.6) lib/action_dispatch/middleware/static.rb:64:in `call'
  rack (1.5.2) lib/rack/sendfile.rb:112:in `call'
  railties (4.1.6) lib/rails/engine.rb:514:in `call'
  railties (4.1.6) lib/rails/application.rb:144:in `call'
  rack (1.5.2) lib/rack/lock.rb:17:in `call'
  rack (1.5.2) lib/rack/content_length.rb:14:in `call'
  rack (1.5.2) lib/rack/handler/webrick.rb:60:in `service'
  /Users/katemcfaul/.rbenv/versions/2.1.2/lib/ruby/2.1.0/webrick/httpserver.rb:138:in `service'
  /Users/katemcfaul/.rbenv/versions/2.1.2/lib/ruby/2.1.0/webrick/httpserver.rb:94:in `run'
  /Users/katemcfaul/.rbenv/versions/2.1.2/lib/ruby/2.1.0/webrick/server.rb:295:in `block in start_thread'


  Rendered /Users/katemcfaul/.rbenv/versions/2.1.2/lib/ruby/gems/2.1.0/gems/web-console-2.0.0.beta3/lib/action_dispatch/templates/rescues/_trace.html.erb (1.7ms)
  Rendered /Users/katemcfaul/.rbenv/versions/2.1.2/lib/ruby/gems/2.1.0/gems/web-console-2.0.0.beta3/lib/action_dispatch/templates/rescues/routing_error.html.erb within rescues/layout (13.2ms)


Started GET "/pages/about" for 127.0.0.1 at 2014-12-09 11:32:49 -0800

ActionController::RoutingError (uninitialized constant PagesController):
  activesupport (4.1.6) lib/active_support/inflector/methods.rb:238:in `const_get'
  activesupport (4.1.6) lib/active_support/inflector/methods.rb:238:in `block in constantize'
  activesupport (4.1.6) lib/active_support/inflector/methods.rb:236:in `each'
  activesupport (4.1.6) lib/active_support/inflector/methods.rb:236:in `inject'
  activesupport (4.1.6) lib/active_support/inflector/methods.rb:236:in `constantize'
  actionpack (4.1.6) lib/action_dispatch/routing/route_set.rb:78:in `controller_reference'
  actionpack (4.1.6) lib/action_dispatch/routing/route_set.rb:68:in `controller'
  actionpack (4.1.6) lib/action_dispatch/routing/route_set.rb:46:in `call'
  actionpack (4.1.6) lib/action_dispatch/journey/router.rb:73:in `block in call'
  actionpack (4.1.6) lib/action_dispatch/journey/router.rb:59:in `each'
  actionpack (4.1.6) lib/action_dispatch/journey/router.rb:59:in `call'
  actionpack (4.1.6) lib/action_dispatch/routing/route_set.rb:678:in `call'
  rack (1.5.2) lib/rack/etag.rb:23:in `call'
  rack (1.5.2) lib/rack/conditionalget.rb:25:in `call'
  rack (1.5.2) lib/rack/head.rb:11:in `call'
  actionpack (4.1.6) lib/action_dispatch/middleware/params_parser.rb:27:in `call'
  actionpack (4.1.6) lib/action_dispatch/middleware/flash.rb:254:in `call'
  rack (1.5.2) lib/rack/session/abstract/id.rb:225:in `context'
  rack (1.5.2) lib/rack/session/abstract/id.rb:220:in `call'
  actionpack (4.1.6) lib/action_dispatch/middleware/cookies.rb:560:in `call'
  activerecord (4.1.6) lib/active_record/query_cache.rb:36:in `call'
  activerecord (4.1.6) lib/active_record/connection_adapters/abstract/connection_pool.rb:621:in `call'
  activerecord (4.1.6) lib/active_record/migration.rb:380:in `call'
  actionpack (4.1.6) lib/action_dispatch/middleware/callbacks.rb:29:in `block in call'
  activesupport (4.1.6) lib/active_support/callbacks.rb:82:in `run_callbacks'
  actionpack (4.1.6) lib/action_dispatch/middleware/callbacks.rb:27:in `call'
  actionpack (4.1.6) lib/action_dispatch/middleware/reloader.rb:73:in `call'
  actionpack (4.1.6) lib/action_dispatch/middleware/remote_ip.rb:76:in `call'
  web-console (2.0.0.beta3) lib/action_dispatch/debug_exceptions.rb:18:in `middleware_call'
  web-console (2.0.0.beta3) lib/action_dispatch/debug_exceptions.rb:13:in `call'
  actionpack (4.1.6) lib/action_dispatch/middleware/show_exceptions.rb:30:in `call'
  railties (4.1.6) lib/rails/rack/logger.rb:38:in `call_app'
  railties (4.1.6) lib/rails/rack/logger.rb:20:in `block in call'
  activesupport (4.1.6) lib/active_support/tagged_logging.rb:68:in `block in tagged'
  activesupport (4.1.6) lib/active_support/tagged_logging.rb:26:in `tagged'
  activesupport (4.1.6) lib/active_support/tagged_logging.rb:68:in `tagged'
  railties (4.1.6) lib/rails/rack/logger.rb:20:in `call'
  actionpack (4.1.6) lib/action_dispatch/middleware/request_id.rb:21:in `call'
  rack (1.5.2) lib/rack/methodoverride.rb:21:in `call'
  rack (1.5.2) lib/rack/runtime.rb:17:in `call'
  activesupport (4.1.6) lib/active_support/cache/strategy/local_cache_middleware.rb:26:in `call'
  rack (1.5.2) lib/rack/lock.rb:17:in `call'
  actionpack (4.1.6) lib/action_dispatch/middleware/static.rb:64:in `call'
  rack (1.5.2) lib/rack/sendfile.rb:112:in `call'
  railties (4.1.6) lib/rails/engine.rb:514:in `call'
  railties (4.1.6) lib/rails/application.rb:144:in `call'
  rack (1.5.2) lib/rack/lock.rb:17:in `call'
  rack (1.5.2) lib/rack/content_length.rb:14:in `call'
  rack (1.5.2) lib/rack/handler/webrick.rb:60:in `service'
  /Users/katemcfaul/.rbenv/versions/2.1.2/lib/ruby/2.1.0/webrick/httpserver.rb:138:in `service'
  /Users/katemcfaul/.rbenv/versions/2.1.2/lib/ruby/2.1.0/webrick/httpserver.rb:94:in `run'
  /Users/katemcfaul/.rbenv/versions/2.1.2/lib/ruby/2.1.0/webrick/server.rb:295:in `block in start_thread'


  Rendered /Users/katemcfaul/.rbenv/versions/2.1.2/lib/ruby/gems/2.1.0/gems/web-console-2.0.0.beta3/lib/action_dispatch/templates/rescues/_trace.html.erb (1.7ms)
  Rendered /Users/katemcfaul/.rbenv/versions/2.1.2/lib/ruby/gems/2.1.0/gems/web-console-2.0.0.beta3/lib/action_dispatch/templates/rescues/routing_error.html.erb within rescues/layout (15.5ms)


Started GET "/pages/about" for 127.0.0.1 at 2014-12-09 11:33:33 -0800
Processing by StaticPagesController#about as HTML
  Rendered static_pages/about.html.erb within layouts/application (0.1ms)
Completed 200 OK in 40ms (Views: 39.1ms | ActiveRecord: 0.0ms)


Started GET "/assets/static_pages.css?body=1" for 127.0.0.1 at 2014-12-09 11:33:33 -0800


Started GET "/assets/application.css?body=1" for 127.0.0.1 at 2014-12-09 11:33:33 -0800


Started GET "/assets/jquery.js?body=1" for 127.0.0.1 at 2014-12-09 11:33:33 -0800


Started GET "/assets/application.js?body=1" for 127.0.0.1 at 2014-12-09 11:33:33 -0800


Started GET "/assets/static_pages.js?body=1" for 127.0.0.1 at 2014-12-09 11:33:33 -0800


Started GET "/assets/turbolinks.js?body=1" for 127.0.0.1 at 2014-12-09 11:33:33 -0800


Started GET "/assets/jquery_ujs.js?body=1" for 127.0.0.1 at 2014-12-09 11:33:33 -0800


Started GET "/pages/about" for 127.0.0.1 at 2014-12-09 11:33:36 -0800
Processing by StaticPagesController#about as HTML
  Rendered static_pages/about.html.erb within layouts/application (0.0ms)
Completed 200 OK in 40ms (Views: 39.9ms | ActiveRecord: 0.0ms)


Started GET "/assets/static_pages.css?body=1" for 127.0.0.1 at 2014-12-09 11:33:36 -0800


Started GET "/assets/application.css?body=1" for 127.0.0.1 at 2014-12-09 11:33:36 -0800


Started GET "/assets/jquery.js?body=1" for 127.0.0.1 at 2014-12-09 11:33:36 -0800


Started GET "/assets/static_pages.js?body=1" for 127.0.0.1 at 2014-12-09 11:33:36 -0800


Started GET "/assets/application.js?body=1" for 127.0.0.1 at 2014-12-09 11:33:36 -0800


Started GET "/assets/turbolinks.js?body=1" for 127.0.0.1 at 2014-12-09 11:33:36 -0800


Started GET "/assets/jquery_ujs.js?body=1" for 127.0.0.1 at 2014-12-09 11:33:36 -0800


Started GET "/" for 127.0.0.1 at 2014-12-09 11:33:38 -0800
Processing by StaticPagesController#home as HTML
  Rendered static_pages/home.html.erb within layouts/application (0.0ms)
Completed 200 OK in 48ms (Views: 47.4ms | ActiveRecord: 0.0ms)


Started GET "/assets/static_pages.css?body=1" for 127.0.0.1 at 2014-12-09 11:33:38 -0800


Started GET "/assets/application.css?body=1" for 127.0.0.1 at 2014-12-09 11:33:38 -0800


Started GET "/assets/jquery_ujs.js?body=1" for 127.0.0.1 at 2014-12-09 11:33:38 -0800


Started GET "/assets/turbolinks.js?body=1" for 127.0.0.1 at 2014-12-09 11:33:38 -0800


Started GET "/assets/application.js?body=1" for 127.0.0.1 at 2014-12-09 11:33:38 -0800


Started GET "/assets/static_pages.js?body=1" for 127.0.0.1 at 2014-12-09 11:33:38 -0800


Started GET "/assets/jquery.js?body=1" for 127.0.0.1 at 2014-12-09 11:33:38 -0800


Started GET "/" for 127.0.0.1 at 2014-12-09 11:33:38 -0800
Processing by StaticPagesController#home as HTML
  Rendered static_pages/home.html.erb within layouts/application (0.0ms)
Completed 200 OK in 47ms (Views: 46.7ms | ActiveRecord: 0.0ms)


Started GET "/assets/static_pages.css?body=1" for 127.0.0.1 at 2014-12-09 11:33:38 -0800


Started GET "/assets/application.css?body=1" for 127.0.0.1 at 2014-12-09 11:33:38 -0800


Started GET "/assets/turbolinks.js?body=1" for 127.0.0.1 at 2014-12-09 11:33:38 -0800


Started GET "/assets/static_pages.js?body=1" for 127.0.0.1 at 2014-12-09 11:33:38 -0800


Started GET "/assets/jquery.js?body=1" for 127.0.0.1 at 2014-12-09 11:33:38 -0800


Started GET "/assets/jquery_ujs.js?body=1" for 127.0.0.1 at 2014-12-09 11:33:38 -0800


Started GET "/assets/application.js?body=1" for 127.0.0.1 at 2014-12-09 11:33:38 -0800


Started GET "/" for 127.0.0.1 at 2014-12-09 11:34:07 -0800
Processing by StaticPagesController#home as HTML
  Rendered static_pages/home.html.erb within layouts/application (0.0ms)
Completed 200 OK in 55ms (Views: 54.9ms | ActiveRecord: 0.0ms)


Started GET "/assets/static_pages.css?body=1" for 127.0.0.1 at 2014-12-09 11:34:07 -0800


Started GET "/assets/jquery_ujs.js?body=1" for 127.0.0.1 at 2014-12-09 11:34:07 -0800


Started GET "/assets/static_pages.js?body=1" for 127.0.0.1 at 2014-12-09 11:34:07 -0800


Started GET "/assets/application.js?body=1" for 127.0.0.1 at 2014-12-09 11:34:07 -0800


Started GET "/assets/turbolinks.js?body=1" for 127.0.0.1 at 2014-12-09 11:34:07 -0800


Started GET "/assets/application.css?body=1" for 127.0.0.1 at 2014-12-09 11:34:08 -0800


Started GET "/assets/jquery.js?body=1" for 127.0.0.1 at 2014-12-09 11:34:08 -0800


Started GET "/" for 127.0.0.1 at 2014-12-09 14:02:40 -0800
Processing by StaticPagesController#home as XML
  Rendered static_pages/home.html.erb within layouts/application (0.3ms)
Completed 200 OK in 53ms (Views: 52.8ms | ActiveRecord: 0.0ms)


Started GET "/" for 127.0.0.1 at 2014-12-09 15:50:18 -0800
Processing by StaticPagesController#home as HTML
  Rendered static_pages/home.html.erb within layouts/application (1.0ms)
Completed 200 OK in 91ms (Views: 83.3ms | ActiveRecord: 0.0ms)


Started GET "/assets/static_pages.css?body=1" for 127.0.0.1 at 2014-12-09 15:50:18 -0800


Started GET "/assets/application.css?body=1" for 127.0.0.1 at 2014-12-09 15:50:18 -0800


Started GET "/assets/jquery_ujs.js?body=1" for 127.0.0.1 at 2014-12-09 15:50:18 -0800


Started GET "/assets/jquery.js?body=1" for 127.0.0.1 at 2014-12-09 15:50:18 -0800


Started GET "/assets/turbolinks.js?body=1" for 127.0.0.1 at 2014-12-09 15:50:18 -0800


Started GET "/assets/static_pages.js?body=1" for 127.0.0.1 at 2014-12-09 15:50:18 -0800


Started GET "/assets/application.js?body=1" for 127.0.0.1 at 2014-12-09 15:50:18 -0800


Started GET "/" for 127.0.0.1 at 2014-12-09 15:57:56 -0800
Processing by StaticPagesController#home as HTML
  Rendered static_pages/home.html.erb within layouts/application (11.8ms)
Completed 200 OK in 56ms (Views: 55.0ms | ActiveRecord: 0.0ms)


Started GET "/assets/static_pages.css?body=1" for 127.0.0.1 at 2014-12-09 15:57:57 -0800


Started GET "/assets/jquery.js?body=1" for 127.0.0.1 at 2014-12-09 15:57:57 -0800


Started GET "/assets/turbolinks.js?body=1" for 127.0.0.1 at 2014-12-09 15:57:57 -0800


Started GET "/assets/jquery_ujs.js?body=1" for 127.0.0.1 at 2014-12-09 15:57:57 -0800


Started GET "/assets/application.js?body=1" for 127.0.0.1 at 2014-12-09 15:57:57 -0800


Started GET "/assets/static_pages.js?body=1" for 127.0.0.1 at 2014-12-09 15:57:57 -0800


Started GET "/assets/application.css?body=1" for 127.0.0.1 at 2014-12-09 15:57:57 -0800


Started GET "/images/rails.png" for 127.0.0.1 at 2014-12-09 15:57:57 -0800

ActionController::RoutingError (No route matches [GET] "/images/rails.png"):
  web-console (2.0.0.beta3) lib/action_dispatch/debug_exceptions.rb:22:in `middleware_call'
  web-console (2.0.0.beta3) lib/action_dispatch/debug_exceptions.rb:13:in `call'
  actionpack (4.1.6) lib/action_dispatch/middleware/show_exceptions.rb:30:in `call'
  railties (4.1.6) lib/rails/rack/logger.rb:38:in `call_app'
  railties (4.1.6) lib/rails/rack/logger.rb:20:in `block in call'
  activesupport (4.1.6) lib/active_support/tagged_logging.rb:68:in `block in tagged'
  activesupport (4.1.6) lib/active_support/tagged_logging.rb:26:in `tagged'
  activesupport (4.1.6) lib/active_support/tagged_logging.rb:68:in `tagged'
  railties (4.1.6) lib/rails/rack/logger.rb:20:in `call'
  actionpack (4.1.6) lib/action_dispatch/middleware/request_id.rb:21:in `call'
  rack (1.5.2) lib/rack/methodoverride.rb:21:in `call'
  rack (1.5.2) lib/rack/runtime.rb:17:in `call'
  activesupport (4.1.6) lib/active_support/cache/strategy/local_cache_middleware.rb:26:in `call'
  rack (1.5.2) lib/rack/lock.rb:17:in `call'
  actionpack (4.1.6) lib/action_dispatch/middleware/static.rb:64:in `call'
  rack (1.5.2) lib/rack/sendfile.rb:112:in `call'
  railties (4.1.6) lib/rails/engine.rb:514:in `call'
  railties (4.1.6) lib/rails/application.rb:144:in `call'
  rack (1.5.2) lib/rack/lock.rb:17:in `call'
  rack (1.5.2) lib/rack/content_length.rb:14:in `call'
  rack (1.5.2) lib/rack/handler/webrick.rb:60:in `service'
  /Users/katemcfaul/.rbenv/versions/2.1.2/lib/ruby/2.1.0/webrick/httpserver.rb:138:in `service'
  /Users/katemcfaul/.rbenv/versions/2.1.2/lib/ruby/2.1.0/webrick/httpserver.rb:94:in `run'
  /Users/katemcfaul/.rbenv/versions/2.1.2/lib/ruby/2.1.0/webrick/server.rb:295:in `block in start_thread'


  Rendered /Users/katemcfaul/.rbenv/versions/2.1.2/lib/ruby/gems/2.1.0/gems/web-console-2.0.0.beta3/lib/action_dispatch/templates/rescues/_trace.html.erb (1.4ms)
  Rendered /Users/katemcfaul/.rbenv/versions/2.1.2/lib/ruby/gems/2.1.0/gems/web-console-2.0.0.beta3/lib/action_dispatch/templates/rescues/routing_error.html.erb within rescues/layout (19.3ms)


Started GET "/" for 127.0.0.1 at 2014-12-09 15:59:38 -0800
Processing by StaticPagesController#home as HTML
  Rendered static_pages/home.html.erb within layouts/application (3.1ms)
Completed 200 OK in 46ms (Views: 45.4ms | ActiveRecord: 0.0ms)


Started GET "/assets/static_pages.css?body=1" for 127.0.0.1 at 2014-12-09 15:59:38 -0800


Started GET "/assets/application.css?body=1" for 127.0.0.1 at 2014-12-09 15:59:38 -0800


Started GET "/assets/application.js?body=1" for 127.0.0.1 at 2014-12-09 15:59:38 -0800


Started GET "/assets/turbolinks.js?body=1" for 127.0.0.1 at 2014-12-09 15:59:38 -0800


Started GET "/assets/jquery.js?body=1" for 127.0.0.1 at 2014-12-09 15:59:38 -0800


Started GET "/assets/static_pages.js?body=1" for 127.0.0.1 at 2014-12-09 15:59:38 -0800


Started GET "/assets/jquery_ujs.js?body=1" for 127.0.0.1 at 2014-12-09 15:59:38 -0800


Started GET "/assets/rails.png" for 127.0.0.1 at 2014-12-09 15:59:38 -0800


Started GET "/" for 127.0.0.1 at 2014-12-09 16:04:41 -0800
Processing by StaticPagesController#home as HTML
  Rendered static_pages/home.html.erb within layouts/application (3.6ms)
Completed 200 OK in 1554ms (Views: 1543.9ms | ActiveRecord: 0.0ms)


Started GET "/assets/custom.css?body=1" for 127.0.0.1 at 2014-12-09 16:04:43 -0800


Started GET "/assets/static_pages.css?body=1" for 127.0.0.1 at 2014-12-09 16:04:43 -0800


Started GET "/assets/application.css?body=1" for 127.0.0.1 at 2014-12-09 16:04:43 -0800


Started GET "/assets/jquery.js?body=1" for 127.0.0.1 at 2014-12-09 16:04:43 -0800


Started GET "/assets/jquery_ujs.js?body=1" for 127.0.0.1 at 2014-12-09 16:04:43 -0800


Started GET "/assets/turbolinks.js?body=1" for 127.0.0.1 at 2014-12-09 16:04:43 -0800


Started GET "/assets/static_pages.js?body=1" for 127.0.0.1 at 2014-12-09 16:04:43 -0800


Started GET "/assets/application.js?body=1" for 127.0.0.1 at 2014-12-09 16:04:43 -0800


Started GET "/assets/rails.png" for 127.0.0.1 at 2014-12-09 16:04:43 -0800


Started GET "/" for 127.0.0.1 at 2014-12-09 16:06:27 -0800
Processing by StaticPagesController#home as HTML
  Rendered static_pages/home.html.erb within layouts/application (0.3ms)
Completed 200 OK in 853ms (Views: 852.0ms | ActiveRecord: 0.0ms)


Started GET "/assets/custom.css?body=1" for 127.0.0.1 at 2014-12-09 16:06:28 -0800


Started GET "/assets/jquery.js?body=1" for 127.0.0.1 at 2014-12-09 16:06:28 -0800


Started GET "/assets/turbolinks.js?body=1" for 127.0.0.1 at 2014-12-09 16:06:28 -0800


Started GET "/assets/jquery_ujs.js?body=1" for 127.0.0.1 at 2014-12-09 16:06:28 -0800


Started GET "/assets/static_pages.css?body=1" for 127.0.0.1 at 2014-12-09 16:06:28 -0800


Started GET "/assets/application.css?body=1" for 127.0.0.1 at 2014-12-09 16:06:28 -0800


Started GET "/assets/static_pages.js?body=1" for 127.0.0.1 at 2014-12-09 16:06:28 -0800


Started GET "/assets/application.js?body=1" for 127.0.0.1 at 2014-12-09 16:06:28 -0800


Started GET "/assets/rails.png" for 127.0.0.1 at 2014-12-09 16:06:28 -0800


Started GET "/" for 127.0.0.1 at 2014-12-09 16:08:42 -0800
Processing by StaticPagesController#home as HTML
  Rendered static_pages/home.html.erb within layouts/application (0.2ms)
Completed 200 OK in 834ms (Views: 833.8ms | ActiveRecord: 0.0ms)


Started GET "/assets/custom.css?body=1" for 127.0.0.1 at 2014-12-09 16:08:43 -0800


Started GET "/assets/static_pages.css?body=1" for 127.0.0.1 at 2014-12-09 16:08:43 -0800


Started GET "/assets/application.css?body=1" for 127.0.0.1 at 2014-12-09 16:08:43 -0800


Started GET "/assets/jquery.js?body=1" for 127.0.0.1 at 2014-12-09 16:08:43 -0800


Started GET "/assets/turbolinks.js?body=1" for 127.0.0.1 at 2014-12-09 16:08:43 -0800


Started GET "/assets/jquery_ujs.js?body=1" for 127.0.0.1 at 2014-12-09 16:08:43 -0800


Started GET "/assets/static_pages.js?body=1" for 127.0.0.1 at 2014-12-09 16:08:43 -0800


Started GET "/assets/application.js?body=1" for 127.0.0.1 at 2014-12-09 16:08:43 -0800


Started GET "/assets/rails.png" for 127.0.0.1 at 2014-12-09 16:08:43 -0800


Started GET "/" for 127.0.0.1 at 2014-12-09 16:09:05 -0800
Processing by StaticPagesController#home as HTML
  Rendered static_pages/home.html.erb within layouts/application (0.3ms)
Completed 200 OK in 863ms (Views: 862.5ms | ActiveRecord: 0.0ms)


Started GET "/assets/custom.css?body=1" for 127.0.0.1 at 2014-12-09 16:09:06 -0800


Started GET "/assets/static_pages.css?body=1" for 127.0.0.1 at 2014-12-09 16:09:06 -0800


Started GET "/assets/jquery.js?body=1" for 127.0.0.1 at 2014-12-09 16:09:06 -0800


Started GET "/assets/application.css?body=1" for 127.0.0.1 at 2014-12-09 16:09:06 -0800


Started GET "/assets/jquery_ujs.js?body=1" for 127.0.0.1 at 2014-12-09 16:09:06 -0800


Started GET "/assets/turbolinks.js?body=1" for 127.0.0.1 at 2014-12-09 16:09:06 -0800


Started GET "/assets/static_pages.js?body=1" for 127.0.0.1 at 2014-12-09 16:09:06 -0800


Started GET "/assets/application.js?body=1" for 127.0.0.1 at 2014-12-09 16:09:06 -0800


Started GET "/assets/rails.png" for 127.0.0.1 at 2014-12-09 16:09:06 -0800


Started GET "/" for 127.0.0.1 at 2014-12-09 16:15:10 -0800
Processing by StaticPagesController#home as HTML
  Rendered static_pages/home.html.erb within layouts/application (0.3ms)
  Rendered layouts/_shim.html.erb (0.5ms)
  Rendered layouts/_header.html.erb (0.6ms)
  Rendered layouts/_footer.html.erb (0.4ms)
Completed 200 OK in 830ms (Views: 829.8ms | ActiveRecord: 0.0ms)


Started GET "/assets/custom.css?body=1" for 127.0.0.1 at 2014-12-09 16:15:11 -0800


Started GET "/assets/jquery_ujs.js?body=1" for 127.0.0.1 at 2014-12-09 16:15:11 -0800


Started GET "/assets/static_pages.css?body=1" for 127.0.0.1 at 2014-12-09 16:15:11 -0800


Started GET "/assets/application.css?body=1" for 127.0.0.1 at 2014-12-09 16:15:11 -0800


Started GET "/assets/turbolinks.js?body=1" for 127.0.0.1 at 2014-12-09 16:15:11 -0800


Started GET "/assets/static_pages.js?body=1" for 127.0.0.1 at 2014-12-09 16:15:11 -0800


Started GET "/assets/application.js?body=1" for 127.0.0.1 at 2014-12-09 16:15:11 -0800


Started GET "/assets/jquery.js?body=1" for 127.0.0.1 at 2014-12-09 16:15:11 -0800


Started GET "/assets/rails.png" for 127.0.0.1 at 2014-12-09 16:15:11 -0800


Started GET "/" for 127.0.0.1 at 2014-12-09 16:21:50 -0800
Processing by StaticPagesController#home as HTML
  Rendered static_pages/home.html.erb within layouts/application (0.4ms)
  Rendered layouts/_shim.html.erb (0.1ms)
  Rendered layouts/_header.html.erb (0.1ms)
  Rendered layouts/_footer.html.erb (0.1ms)
Completed 200 OK in 1500ms (Views: 1499.1ms | ActiveRecord: 0.0ms)


Started GET "/assets/custom.css?body=1" for 127.0.0.1 at 2014-12-09 16:21:52 -0800


Started GET "/assets/jquery.js?body=1" for 127.0.0.1 at 2014-12-09 16:21:52 -0800


Started GET "/assets/application.css?body=1" for 127.0.0.1 at 2014-12-09 16:21:52 -0800


Started GET "/assets/jquery_ujs.js?body=1" for 127.0.0.1 at 2014-12-09 16:21:52 -0800


Started GET "/assets/static_pages.css?body=1" for 127.0.0.1 at 2014-12-09 16:21:52 -0800


Started GET "/assets/turbolinks.js?body=1" for 127.0.0.1 at 2014-12-09 16:21:52 -0800


Started GET "/assets/application.js?body=1" for 127.0.0.1 at 2014-12-09 16:21:52 -0800


Started GET "/assets/static_pages.js?body=1" for 127.0.0.1 at 2014-12-09 16:21:52 -0800


Started GET "/assets/rails.png" for 127.0.0.1 at 2014-12-09 16:21:52 -0800


Started GET "/" for 127.0.0.1 at 2014-12-09 16:34:11 -0800
Processing by StaticPagesController#home as HTML
  Rendered static_pages/home.html.erb within layouts/application (2.8ms)
  Rendered layouts/_shim.html.erb (0.3ms)
  Rendered layouts/_header.html.erb (0.4ms)
  Rendered layouts/_footer.html.erb (0.3ms)
Completed 200 OK in 179ms (Views: 168.4ms | ActiveRecord: 0.0ms)


Started GET "/assets/application.css?body=1" for 127.0.0.1 at 2014-12-09 16:34:11 -0800


Started GET "/assets/static_pages.js?body=1" for 127.0.0.1 at 2014-12-09 16:34:12 -0800


Started GET "/assets/turbolinks.js?body=1" for 127.0.0.1 at 2014-12-09 16:34:12 -0800


Started GET "/assets/jquery_ujs.js?body=1" for 127.0.0.1 at 2014-12-09 16:34:12 -0800


Started GET "/assets/custom.css?body=1" for 127.0.0.1 at 2014-12-09 16:34:12 -0800


Started GET "/assets/application.js?body=1" for 127.0.0.1 at 2014-12-09 16:34:12 -0800


Started GET "/assets/static_pages.css?body=1" for 127.0.0.1 at 2014-12-09 16:34:12 -0800


Started GET "/assets/jquery.js?body=1" for 127.0.0.1 at 2014-12-09 16:34:12 -0800


Started GET "/assets/rails.png" for 127.0.0.1 at 2014-12-09 16:34:12 -0800


Started GET "/" for 127.0.0.1 at 2014-12-09 16:35:40 -0800
Processing by StaticPagesController#home as HTML
  Rendered static_pages/home.html.erb within layouts/application (0.3ms)
  Rendered layouts/_shim.html.erb (0.0ms)
  Rendered layouts/_header.html.erb (0.1ms)
  Rendered layouts/_footer.html.erb (0.1ms)
Completed 200 OK in 57ms (Views: 57.0ms | ActiveRecord: 0.0ms)


Started GET "/assets/application.css?body=1" for 127.0.0.1 at 2014-12-09 16:35:40 -0800


Started GET "/assets/jquery_ujs.js?body=1" for 127.0.0.1 at 2014-12-09 16:35:40 -0800


Started GET "/assets/static_pages.css?body=1" for 127.0.0.1 at 2014-12-09 16:35:40 -0800


Started GET "/assets/custom.css?body=1" for 127.0.0.1 at 2014-12-09 16:35:40 -0800


Started GET "/assets/static_pages.js?body=1" for 127.0.0.1 at 2014-12-09 16:35:40 -0800


Started GET "/assets/turbolinks.js?body=1" for 127.0.0.1 at 2014-12-09 16:35:40 -0800


Started GET "/assets/application.js?body=1" for 127.0.0.1 at 2014-12-09 16:35:40 -0800


Started GET "/assets/jquery.js?body=1" for 127.0.0.1 at 2014-12-09 16:35:40 -0800


Started GET "/assets/rails.png" for 127.0.0.1 at 2014-12-09 16:35:40 -0800


Started GET "/login" for 127.0.0.1 at 2014-12-09 16:35:40 -0800

ActionController::RoutingError (No route matches [GET] "/login"):
  web-console (2.0.0.beta3) lib/action_dispatch/debug_exceptions.rb:22:in `middleware_call'
  web-console (2.0.0.beta3) lib/action_dispatch/debug_exceptions.rb:13:in `call'
  actionpack (4.1.6) lib/action_dispatch/middleware/show_exceptions.rb:30:in `call'
  railties (4.1.6) lib/rails/rack/logger.rb:38:in `call_app'
  railties (4.1.6) lib/rails/rack/logger.rb:20:in `block in call'
  activesupport (4.1.6) lib/active_support/tagged_logging.rb:68:in `block in tagged'
  activesupport (4.1.6) lib/active_support/tagged_logging.rb:26:in `tagged'
  activesupport (4.1.6) lib/active_support/tagged_logging.rb:68:in `tagged'
  railties (4.1.6) lib/rails/rack/logger.rb:20:in `call'
  actionpack (4.1.6) lib/action_dispatch/middleware/request_id.rb:21:in `call'
  rack (1.5.2) lib/rack/methodoverride.rb:21:in `call'
  rack (1.5.2) lib/rack/runtime.rb:17:in `call'
  activesupport (4.1.6) lib/active_support/cache/strategy/local_cache_middleware.rb:26:in `call'
  rack (1.5.2) lib/rack/lock.rb:17:in `call'
  actionpack (4.1.6) lib/action_dispatch/middleware/static.rb:64:in `call'
  rack (1.5.2) lib/rack/sendfile.rb:112:in `call'
  railties (4.1.6) lib/rails/engine.rb:514:in `call'
  railties (4.1.6) lib/rails/application.rb:144:in `call'
  rack (1.5.2) lib/rack/lock.rb:17:in `call'
  rack (1.5.2) lib/rack/content_length.rb:14:in `call'
  rack (1.5.2) lib/rack/handler/webrick.rb:60:in `service'
  /Users/katemcfaul/.rbenv/versions/2.1.2/lib/ruby/2.1.0/webrick/httpserver.rb:138:in `service'
  /Users/katemcfaul/.rbenv/versions/2.1.2/lib/ruby/2.1.0/webrick/httpserver.rb:94:in `run'
  /Users/katemcfaul/.rbenv/versions/2.1.2/lib/ruby/2.1.0/webrick/server.rb:295:in `block in start_thread'


  Rendered /Users/katemcfaul/.rbenv/versions/2.1.2/lib/ruby/gems/2.1.0/gems/web-console-2.0.0.beta3/lib/action_dispatch/templates/rescues/_trace.html.erb (1.4ms)
  Rendered /Users/katemcfaul/.rbenv/versions/2.1.2/lib/ruby/gems/2.1.0/gems/web-console-2.0.0.beta3/lib/action_dispatch/templates/rescues/routing_error.html.erb within rescues/layout (16.6ms)


Started GET "/static_pages/about" for 127.0.0.1 at 2014-12-09 16:35:42 -0800
Processing by StaticPagesController#about as HTML
  Rendered static_pages/about.html.erb within layouts/application (0.4ms)
  Rendered layouts/_shim.html.erb (0.0ms)
  Rendered layouts/_header.html.erb (0.1ms)
  Rendered layouts/_footer.html.erb (0.1ms)
Completed 200 OK in 63ms (Views: 62.7ms | ActiveRecord: 0.0ms)


Started GET "/assets/application.css?body=1" for 127.0.0.1 at 2014-12-09 16:35:42 -0800


Started GET "/assets/application.js?body=1" for 127.0.0.1 at 2014-12-09 16:35:42 -0800


Started GET "/assets/static_pages.css?body=1" for 127.0.0.1 at 2014-12-09 16:35:42 -0800


Started GET "/assets/jquery_ujs.js?body=1" for 127.0.0.1 at 2014-12-09 16:35:42 -0800


Started GET "/assets/custom.css?body=1" for 127.0.0.1 at 2014-12-09 16:35:42 -0800


Started GET "/assets/turbolinks.js?body=1" for 127.0.0.1 at 2014-12-09 16:35:42 -0800


Started GET "/assets/static_pages.js?body=1" for 127.0.0.1 at 2014-12-09 16:35:42 -0800


Started GET "/assets/jquery.js?body=1" for 127.0.0.1 at 2014-12-09 16:35:42 -0800


Started GET "/static_pages/about" for 127.0.0.1 at 2014-12-09 16:35:44 -0800
Processing by StaticPagesController#about as HTML
  Rendered static_pages/about.html.erb within layouts/application (0.1ms)
  Rendered layouts/_shim.html.erb (0.1ms)
  Rendered layouts/_header.html.erb (0.2ms)
  Rendered layouts/_footer.html.erb (0.1ms)
Completed 200 OK in 89ms (Views: 88.9ms | ActiveRecord: 0.0ms)


Started GET "/assets/custom.css?body=1" for 127.0.0.1 at 2014-12-09 16:35:44 -0800


Started GET "/assets/application.css?body=1" for 127.0.0.1 at 2014-12-09 16:35:44 -0800


Started GET "/assets/jquery.js?body=1" for 127.0.0.1 at 2014-12-09 16:35:44 -0800


Started GET "/assets/static_pages.css?body=1" for 127.0.0.1 at 2014-12-09 16:35:44 -0800


Started GET "/assets/static_pages.js?body=1" for 127.0.0.1 at 2014-12-09 16:35:44 -0800


Started GET "/assets/jquery_ujs.js?body=1" for 127.0.0.1 at 2014-12-09 16:35:44 -0800


Started GET "/assets/turbolinks.js?body=1" for 127.0.0.1 at 2014-12-09 16:35:44 -0800


Started GET "/assets/application.js?body=1" for 127.0.0.1 at 2014-12-09 16:35:44 -0800


Started GET "/static_pages/about" for 127.0.0.1 at 2014-12-09 16:35:48 -0800
Processing by StaticPagesController#about as HTML
  Rendered static_pages/about.html.erb within layouts/application (0.1ms)
  Rendered layouts/_shim.html.erb (0.0ms)
  Rendered layouts/_header.html.erb (0.1ms)
  Rendered layouts/_footer.html.erb (0.1ms)
Completed 200 OK in 67ms (Views: 66.0ms | ActiveRecord: 0.0ms)


Started GET "/assets/application.css?body=1" for 127.0.0.1 at 2014-12-09 16:35:48 -0800


Started GET "/assets/jquery_ujs.js?body=1" for 127.0.0.1 at 2014-12-09 16:35:48 -0800


Started GET "/assets/static_pages.js?body=1" for 127.0.0.1 at 2014-12-09 16:35:48 -0800


Started GET "/assets/turbolinks.js?body=1" for 127.0.0.1 at 2014-12-09 16:35:48 -0800


Started GET "/assets/static_pages.css?body=1" for 127.0.0.1 at 2014-12-09 16:35:48 -0800


Started GET "/assets/application.js?body=1" for 127.0.0.1 at 2014-12-09 16:35:48 -0800


Started GET "/assets/custom.css?body=1" for 127.0.0.1 at 2014-12-09 16:35:48 -0800


Started GET "/assets/jquery.js?body=1" for 127.0.0.1 at 2014-12-09 16:35:48 -0800


Started GET "/static_pages/home" for 127.0.0.1 at 2014-12-09 16:35:49 -0800
Processing by StaticPagesController#home as HTML
  Rendered static_pages/home.html.erb within layouts/application (0.2ms)
  Rendered layouts/_shim.html.erb (0.0ms)
  Rendered layouts/_header.html.erb (0.1ms)
  Rendered layouts/_footer.html.erb (0.1ms)
Completed 200 OK in 76ms (Views: 76.0ms | ActiveRecord: 0.0ms)


Started GET "/static_pages/help" for 127.0.0.1 at 2014-12-09 16:35:50 -0800
Processing by StaticPagesController#help as HTML
  Rendered static_pages/help.html.erb within layouts/application (0.5ms)
  Rendered layouts/_shim.html.erb (0.0ms)
  Rendered layouts/_header.html.erb (0.1ms)
  Rendered layouts/_footer.html.erb (0.1ms)
Completed 200 OK in 72ms (Views: 71.7ms | ActiveRecord: 0.0ms)


Started GET "/assets/custom.css?body=1" for 127.0.0.1 at 2014-12-09 16:35:50 -0800


Started GET "/assets/turbolinks.js?body=1" for 127.0.0.1 at 2014-12-09 16:35:50 -0800


Started GET "/assets/jquery_ujs.js?body=1" for 127.0.0.1 at 2014-12-09 16:35:50 -0800


Started GET "/assets/static_pages.css?body=1" for 127.0.0.1 at 2014-12-09 16:35:50 -0800


Started GET "/assets/application.css?body=1" for 127.0.0.1 at 2014-12-09 16:35:50 -0800


Started GET "/assets/jquery.js?body=1" for 127.0.0.1 at 2014-12-09 16:35:50 -0800


Started GET "/assets/static_pages.js?body=1" for 127.0.0.1 at 2014-12-09 16:35:50 -0800


Started GET "/assets/application.js?body=1" for 127.0.0.1 at 2014-12-09 16:35:50 -0800


Started GET "/static_pages/help" for 127.0.0.1 at 2014-12-09 16:35:57 -0800
Processing by StaticPagesController#help as HTML
  Rendered static_pages/help.html.erb within layouts/application (0.0ms)
  Rendered layouts/_shim.html.erb (0.0ms)
  Rendered layouts/_header.html.erb (0.1ms)
  Rendered layouts/_footer.html.erb (0.1ms)
Completed 200 OK in 59ms (Views: 58.8ms | ActiveRecord: 0.0ms)


Started GET "/assets/application.css?body=1" for 127.0.0.1 at 2014-12-09 16:35:58 -0800


Started GET "/assets/custom.css?body=1" for 127.0.0.1 at 2014-12-09 16:35:58 -0800


Started GET "/assets/static_pages.css?body=1" for 127.0.0.1 at 2014-12-09 16:35:58 -0800


Started GET "/assets/turbolinks.js?body=1" for 127.0.0.1 at 2014-12-09 16:35:58 -0800


Started GET "/assets/jquery_ujs.js?body=1" for 127.0.0.1 at 2014-12-09 16:35:58 -0800


Started GET "/assets/application.js?body=1" for 127.0.0.1 at 2014-12-09 16:35:58 -0800


Started GET "/assets/static_pages.js?body=1" for 127.0.0.1 at 2014-12-09 16:35:58 -0800


Started GET "/assets/jquery.js?body=1" for 127.0.0.1 at 2014-12-09 16:35:58 -0800


Started GET "/static_pages/home" for 127.0.0.1 at 2014-12-09 16:35:58 -0800
Processing by StaticPagesController#home as HTML
  Rendered static_pages/home.html.erb within layouts/application (0.2ms)
  Rendered layouts/_shim.html.erb (0.0ms)
  Rendered layouts/_header.html.erb (0.1ms)
  Rendered layouts/_footer.html.erb (0.0ms)
Completed 200 OK in 71ms (Views: 70.8ms | ActiveRecord: 0.0ms)


Started GET "/assets/application.css?body=1" for 127.0.0.1 at 2014-12-09 16:35:58 -0800


Started GET "/assets/static_pages.css?body=1" for 127.0.0.1 at 2014-12-09 16:35:58 -0800


Started GET "/assets/custom.css?body=1" for 127.0.0.1 at 2014-12-09 16:35:58 -0800


Started GET "/assets/turbolinks.js?body=1" for 127.0.0.1 at 2014-12-09 16:35:58 -0800


Started GET "/assets/application.js?body=1" for 127.0.0.1 at 2014-12-09 16:35:58 -0800


Started GET "/assets/jquery_ujs.js?body=1" for 127.0.0.1 at 2014-12-09 16:35:58 -0800


Started GET "/assets/static_pages.js?body=1" for 127.0.0.1 at 2014-12-09 16:35:58 -0800


Started GET "/assets/jquery.js?body=1" for 127.0.0.1 at 2014-12-09 16:35:58 -0800


Started GET "/assets/rails.png" for 127.0.0.1 at 2014-12-09 16:35:58 -0800


Started GET "/static_pages/contact" for 127.0.0.1 at 2014-12-09 16:35:59 -0800
Processing by StaticPagesController#contact as HTML
  Rendered static_pages/contact.html.erb within layouts/application (0.3ms)
  Rendered layouts/_shim.html.erb (0.0ms)
  Rendered layouts/_header.html.erb (0.1ms)
  Rendered layouts/_footer.html.erb (0.1ms)
Completed 200 OK in 66ms (Views: 65.4ms | ActiveRecord: 0.0ms)


Started GET "/assets/custom.css?body=1" for 127.0.0.1 at 2014-12-09 16:35:59 -0800


Started GET "/assets/application.css?body=1" for 127.0.0.1 at 2014-12-09 16:35:59 -0800


Started GET "/assets/jquery_ujs.js?body=1" for 127.0.0.1 at 2014-12-09 16:35:59 -0800


Started GET "/assets/turbolinks.js?body=1" for 127.0.0.1 at 2014-12-09 16:35:59 -0800


Started GET "/assets/static_pages.css?body=1" for 127.0.0.1 at 2014-12-09 16:35:59 -0800


Started GET "/assets/jquery.js?body=1" for 127.0.0.1 at 2014-12-09 16:35:59 -0800


Started GET "/assets/static_pages.js?body=1" for 127.0.0.1 at 2014-12-09 16:35:59 -0800


Started GET "/assets/application.js?body=1" for 127.0.0.1 at 2014-12-09 16:35:59 -0800


Started GET "/static_pages/contact" for 127.0.0.1 at 2014-12-09 16:36:12 -0800
Processing by StaticPagesController#contact as HTML
  Rendered static_pages/contact.html.erb within layouts/application (0.3ms)
  Rendered layouts/_shim.html.erb (0.7ms)
  Rendered layouts/_header.html.erb (0.4ms)
  Rendered layouts/_footer.html.erb (0.3ms)
Completed 200 OK in 76ms (Views: 75.5ms | ActiveRecord: 0.0ms)


Started GET "/static_pages/contact" for 127.0.0.1 at 2014-12-09 16:36:18 -0800
Processing by StaticPagesController#contact as HTML
  Rendered static_pages/contact.html.erb within layouts/application (0.1ms)
  Rendered layouts/_shim.html.erb (0.1ms)
  Rendered layouts/_header.html.erb (0.1ms)
  Rendered layouts/_footer.html.erb (0.1ms)
Completed 200 OK in 68ms (Views: 67.5ms | ActiveRecord: 0.0ms)


Started GET "/assets/jquery_ujs.js?body=1" for 127.0.0.1 at 2014-12-09 16:36:18 -0800


Started GET "/assets/static_pages.css?body=1" for 127.0.0.1 at 2014-12-09 16:36:18 -0800


Started GET "/assets/turbolinks.js?body=1" for 127.0.0.1 at 2014-12-09 16:36:18 -0800


Started GET "/assets/static_pages.js?body=1" for 127.0.0.1 at 2014-12-09 16:36:18 -0800


Started GET "/assets/application.css?body=1" for 127.0.0.1 at 2014-12-09 16:36:18 -0800


Started GET "/assets/application.js?body=1" for 127.0.0.1 at 2014-12-09 16:36:18 -0800


Started GET "/assets/custom.css?body=1" for 127.0.0.1 at 2014-12-09 16:36:18 -0800


Started GET "/assets/jquery.js?body=1" for 127.0.0.1 at 2014-12-09 16:36:18 -0800


Started GET "/static_pages/about" for 127.0.0.1 at 2014-12-09 16:36:19 -0800
Processing by StaticPagesController#about as HTML
  Rendered static_pages/about.html.erb within layouts/application (0.1ms)
  Rendered layouts/_shim.html.erb (0.0ms)
  Rendered layouts/_header.html.erb (0.1ms)
  Rendered layouts/_footer.html.erb (0.1ms)
Completed 200 OK in 60ms (Views: 60.0ms | ActiveRecord: 0.0ms)


Started GET "/assets/application.css?body=1" for 127.0.0.1 at 2014-12-09 16:36:19 -0800


Started GET "/assets/turbolinks.js?body=1" for 127.0.0.1 at 2014-12-09 16:36:19 -0800


Started GET "/assets/static_pages.js?body=1" for 127.0.0.1 at 2014-12-09 16:36:19 -0800


Started GET "/assets/static_pages.css?body=1" for 127.0.0.1 at 2014-12-09 16:36:19 -0800


Started GET "/assets/custom.css?body=1" for 127.0.0.1 at 2014-12-09 16:36:19 -0800


Started GET "/assets/jquery_ujs.js?body=1" for 127.0.0.1 at 2014-12-09 16:36:19 -0800


Started GET "/assets/application.js?body=1" for 127.0.0.1 at 2014-12-09 16:36:19 -0800


Started GET "/assets/jquery.js?body=1" for 127.0.0.1 at 2014-12-09 16:36:19 -0800


Started GET "/static_pages/" for 127.0.0.1 at 2014-12-09 16:36:19 -0800

ActionController::RoutingError (No route matches [GET] "/static_pages"):
  web-console (2.0.0.beta3) lib/action_dispatch/debug_exceptions.rb:22:in `middleware_call'
  web-console (2.0.0.beta3) lib/action_dispatch/debug_exceptions.rb:13:in `call'
  actionpack (4.1.6) lib/action_dispatch/middleware/show_exceptions.rb:30:in `call'
  railties (4.1.6) lib/rails/rack/logger.rb:38:in `call_app'
  railties (4.1.6) lib/rails/rack/logger.rb:20:in `block in call'
  activesupport (4.1.6) lib/active_support/tagged_logging.rb:68:in `block in tagged'
  activesupport (4.1.6) lib/active_support/tagged_logging.rb:26:in `tagged'
  activesupport (4.1.6) lib/active_support/tagged_logging.rb:68:in `tagged'
  railties (4.1.6) lib/rails/rack/logger.rb:20:in `call'
  actionpack (4.1.6) lib/action_dispatch/middleware/request_id.rb:21:in `call'
  rack (1.5.2) lib/rack/methodoverride.rb:21:in `call'
  rack (1.5.2) lib/rack/runtime.rb:17:in `call'
  activesupport (4.1.6) lib/active_support/cache/strategy/local_cache_middleware.rb:26:in `call'
  rack (1.5.2) lib/rack/lock.rb:17:in `call'
  actionpack (4.1.6) lib/action_dispatch/middleware/static.rb:64:in `call'
  rack (1.5.2) lib/rack/sendfile.rb:112:in `call'
  railties (4.1.6) lib/rails/engine.rb:514:in `call'
  railties (4.1.6) lib/rails/application.rb:144:in `call'
  rack (1.5.2) lib/rack/lock.rb:17:in `call'
  rack (1.5.2) lib/rack/content_length.rb:14:in `call'
  rack (1.5.2) lib/rack/handler/webrick.rb:60:in `service'
  /Users/katemcfaul/.rbenv/versions/2.1.2/lib/ruby/2.1.0/webrick/httpserver.rb:138:in `service'
  /Users/katemcfaul/.rbenv/versions/2.1.2/lib/ruby/2.1.0/webrick/httpserver.rb:94:in `run'
  /Users/katemcfaul/.rbenv/versions/2.1.2/lib/ruby/2.1.0/webrick/server.rb:295:in `block in start_thread'


  Rendered /Users/katemcfaul/.rbenv/versions/2.1.2/lib/ruby/gems/2.1.0/gems/web-console-2.0.0.beta3/lib/action_dispatch/templates/rescues/_trace.html.erb (1.4ms)
  Rendered /Users/katemcfaul/.rbenv/versions/2.1.2/lib/ruby/gems/2.1.0/gems/web-console-2.0.0.beta3/lib/action_dispatch/templates/rescues/routing_error.html.erb within rescues/layout (14.0ms)


Started GET "/static_pages/" for 127.0.0.1 at 2014-12-09 16:36:22 -0800

ActionController::RoutingError (No route matches [GET] "/static_pages"):
  web-console (2.0.0.beta3) lib/action_dispatch/debug_exceptions.rb:22:in `middleware_call'
  web-console (2.0.0.beta3) lib/action_dispatch/debug_exceptions.rb:13:in `call'
  actionpack (4.1.6) lib/action_dispatch/middleware/show_exceptions.rb:30:in `call'
  railties (4.1.6) lib/rails/rack/logger.rb:38:in `call_app'
  railties (4.1.6) lib/rails/rack/logger.rb:20:in `block in call'
  activesupport (4.1.6) lib/active_support/tagged_logging.rb:68:in `block in tagged'
  activesupport (4.1.6) lib/active_support/tagged_logging.rb:26:in `tagged'
  activesupport (4.1.6) lib/active_support/tagged_logging.rb:68:in `tagged'
  railties (4.1.6) lib/rails/rack/logger.rb:20:in `call'
  actionpack (4.1.6) lib/action_dispatch/middleware/request_id.rb:21:in `call'
  rack (1.5.2) lib/rack/methodoverride.rb:21:in `call'
  rack (1.5.2) lib/rack/runtime.rb:17:in `call'
  activesupport (4.1.6) lib/active_support/cache/strategy/local_cache_middleware.rb:26:in `call'
  rack (1.5.2) lib/rack/lock.rb:17:in `call'
  actionpack (4.1.6) lib/action_dispatch/middleware/static.rb:64:in `call'
  rack (1.5.2) lib/rack/sendfile.rb:112:in `call'
  railties (4.1.6) lib/rails/engine.rb:514:in `call'
  railties (4.1.6) lib/rails/application.rb:144:in `call'
  rack (1.5.2) lib/rack/lock.rb:17:in `call'
  rack (1.5.2) lib/rack/content_length.rb:14:in `call'
  rack (1.5.2) lib/rack/handler/webrick.rb:60:in `service'
  /Users/katemcfaul/.rbenv/versions/2.1.2/lib/ruby/2.1.0/webrick/httpserver.rb:138:in `service'
  /Users/katemcfaul/.rbenv/versions/2.1.2/lib/ruby/2.1.0/webrick/httpserver.rb:94:in `run'
  /Users/katemcfaul/.rbenv/versions/2.1.2/lib/ruby/2.1.0/webrick/server.rb:295:in `block in start_thread'


  Rendered /Users/katemcfaul/.rbenv/versions/2.1.2/lib/ruby/gems/2.1.0/gems/web-console-2.0.0.beta3/lib/action_dispatch/templates/rescues/_trace.html.erb (1.3ms)
  Rendered /Users/katemcfaul/.rbenv/versions/2.1.2/lib/ruby/gems/2.1.0/gems/web-console-2.0.0.beta3/lib/action_dispatch/templates/rescues/routing_error.html.erb within rescues/layout (12.9ms)


Started GET "/static_pages/about" for 127.0.0.1 at 2014-12-09 16:36:22 -0800
Processing by StaticPagesController#about as HTML
  Rendered static_pages/about.html.erb within layouts/application (0.1ms)
  Rendered layouts/_shim.html.erb (0.0ms)
  Rendered layouts/_header.html.erb (0.1ms)
  Rendered layouts/_footer.html.erb (0.1ms)
Completed 200 OK in 68ms (Views: 67.3ms | ActiveRecord: 0.0ms)


Started GET "/assets/application.css?body=1" for 127.0.0.1 at 2014-12-09 16:36:22 -0800


Started GET "/assets/static_pages.css?body=1" for 127.0.0.1 at 2014-12-09 16:36:22 -0800


Started GET "/assets/static_pages.js?body=1" for 127.0.0.1 at 2014-12-09 16:36:22 -0800


Started GET "/assets/custom.css?body=1" for 127.0.0.1 at 2014-12-09 16:36:22 -0800


Started GET "/assets/jquery_ujs.js?body=1" for 127.0.0.1 at 2014-12-09 16:36:22 -0800


Started GET "/assets/turbolinks.js?body=1" for 127.0.0.1 at 2014-12-09 16:36:22 -0800


Started GET "/assets/application.js?body=1" for 127.0.0.1 at 2014-12-09 16:36:22 -0800


Started GET "/assets/jquery.js?body=1" for 127.0.0.1 at 2014-12-09 16:36:22 -0800


Started GET "/" for 127.0.0.1 at 2014-12-09 16:36:23 -0800
Processing by StaticPagesController#home as HTML
  Rendered static_pages/home.html.erb within layouts/application (0.2ms)
  Rendered layouts/_shim.html.erb (0.0ms)
  Rendered layouts/_header.html.erb (0.1ms)
  Rendered layouts/_footer.html.erb (0.1ms)
Completed 200 OK in 63ms (Views: 62.4ms | ActiveRecord: 0.0ms)


Started GET "/assets/application.css?body=1" for 127.0.0.1 at 2014-12-09 16:36:24 -0800


Started GET "/assets/custom.css?body=1" for 127.0.0.1 at 2014-12-09 16:36:24 -0800


Started GET "/assets/static_pages.css?body=1" for 127.0.0.1 at 2014-12-09 16:36:24 -0800


Started GET "/assets/turbolinks.js?body=1" for 127.0.0.1 at 2014-12-09 16:36:24 -0800


Started GET "/assets/jquery_ujs.js?body=1" for 127.0.0.1 at 2014-12-09 16:36:24 -0800


Started GET "/assets/static_pages.js?body=1" for 127.0.0.1 at 2014-12-09 16:36:24 -0800


Started GET "/assets/application.js?body=1" for 127.0.0.1 at 2014-12-09 16:36:24 -0800


Started GET "/assets/jquery.js?body=1" for 127.0.0.1 at 2014-12-09 16:36:24 -0800


Started GET "/assets/rails.png" for 127.0.0.1 at 2014-12-09 16:36:24 -0800


Started GET "/" for 127.0.0.1 at 2014-12-09 16:36:24 -0800
Processing by StaticPagesController#home as HTML
  Rendered static_pages/home.html.erb within layouts/application (0.3ms)
  Rendered layouts/_shim.html.erb (0.0ms)
  Rendered layouts/_header.html.erb (0.1ms)
  Rendered layouts/_footer.html.erb (0.1ms)
Completed 200 OK in 79ms (Views: 78.2ms | ActiveRecord: 0.0ms)


Started GET "/assets/custom.css?body=1" for 127.0.0.1 at 2014-12-09 16:36:24 -0800


Started GET "/assets/application.css?body=1" for 127.0.0.1 at 2014-12-09 16:36:24 -0800


Started GET "/assets/jquery.js?body=1" for 127.0.0.1 at 2014-12-09 16:36:24 -0800


Started GET "/assets/turbolinks.js?body=1" for 127.0.0.1 at 2014-12-09 16:36:24 -0800


Started GET "/assets/static_pages.css?body=1" for 127.0.0.1 at 2014-12-09 16:36:24 -0800


Started GET "/assets/jquery_ujs.js?body=1" for 127.0.0.1 at 2014-12-09 16:36:24 -0800


Started GET "/assets/static_pages.js?body=1" for 127.0.0.1 at 2014-12-09 16:36:24 -0800


Started GET "/assets/application.js?body=1" for 127.0.0.1 at 2014-12-09 16:36:24 -0800


Started GET "/assets/rails.png" for 127.0.0.1 at 2014-12-09 16:36:24 -0800


Started GET "/" for 127.0.0.1 at 2014-12-09 16:40:10 -0800
Processing by StaticPagesController#home as HTML
  Rendered static_pages/home.html.erb within layouts/application (0.3ms)
  Rendered layouts/_shim.html.erb (0.0ms)
  Rendered layouts/_header.html.erb (0.6ms)
  Rendered layouts/_footer.html.erb (0.4ms)
Completed 200 OK in 71ms (Views: 69.9ms | ActiveRecord: 0.0ms)


Started GET "/assets/custom.css?body=1" for 127.0.0.1 at 2014-12-09 16:40:10 -0800


Started GET "/assets/static_pages.css?body=1" for 127.0.0.1 at 2014-12-09 16:40:10 -0800


Started GET "/assets/jquery.js?body=1" for 127.0.0.1 at 2014-12-09 16:40:10 -0800


Started GET "/assets/static_pages.js?body=1" for 127.0.0.1 at 2014-12-09 16:40:10 -0800


Started GET "/assets/application.css?body=1" for 127.0.0.1 at 2014-12-09 16:40:10 -0800


Started GET "/assets/turbolinks.js?body=1" for 127.0.0.1 at 2014-12-09 16:40:10 -0800


Started GET "/assets/jquery_ujs.js?body=1" for 127.0.0.1 at 2014-12-09 16:40:10 -0800


Started GET "/assets/application.js?body=1" for 127.0.0.1 at 2014-12-09 16:40:10 -0800


Started GET "/assets/rails.png" for 127.0.0.1 at 2014-12-09 16:40:10 -0800


Started GET "/about" for 127.0.0.1 at 2014-12-09 16:40:12 -0800
Processing by StaticPagesController#about as HTML
  Rendered static_pages/about.html.erb within layouts/application (0.3ms)
  Rendered layouts/_shim.html.erb (0.0ms)
  Rendered layouts/_header.html.erb (0.5ms)
  Rendered layouts/_footer.html.erb (0.3ms)
Completed 200 OK in 69ms (Views: 68.4ms | ActiveRecord: 0.0ms)


Started GET "/contact" for 127.0.0.1 at 2014-12-09 16:40:13 -0800
Processing by StaticPagesController#contact as HTML
  Rendered static_pages/contact.html.erb within layouts/application (0.1ms)
  Rendered layouts/_shim.html.erb (0.1ms)
  Rendered layouts/_header.html.erb (0.2ms)
  Rendered layouts/_footer.html.erb (0.1ms)
Completed 200 OK in 65ms (Views: 64.0ms | ActiveRecord: 0.0ms)


Started GET "/" for 127.0.0.1 at 2014-12-09 16:40:15 -0800
Processing by StaticPagesController#home as HTML
  Rendered static_pages/home.html.erb within layouts/application (0.7ms)
  Rendered layouts/_shim.html.erb (0.0ms)
  Rendered layouts/_header.html.erb (0.2ms)
  Rendered layouts/_footer.html.erb (0.1ms)
Completed 200 OK in 70ms (Views: 69.5ms | ActiveRecord: 0.0ms)


Started GET "/assets/rails.png" for 127.0.0.1 at 2014-12-09 16:40:15 -0800


Started GET "/help" for 127.0.0.1 at 2014-12-09 16:40:15 -0800
Processing by StaticPagesController#help as HTML
  Rendered static_pages/help.html.erb within layouts/application (0.3ms)
  Rendered layouts/_shim.html.erb (0.0ms)
  Rendered layouts/_header.html.erb (0.2ms)
  Rendered layouts/_footer.html.erb (0.1ms)
Completed 200 OK in 62ms (Views: 61.4ms | ActiveRecord: 0.0ms)


Started GET "/help" for 127.0.0.1 at 2014-12-09 16:40:31 -0800
Processing by StaticPagesController#help as HTML
  Rendered static_pages/help.html.erb within layouts/application (0.1ms)
  Rendered layouts/_shim.html.erb (0.0ms)
  Rendered layouts/_header.html.erb (0.5ms)
  Rendered layouts/_footer.html.erb (0.1ms)
Completed 200 OK in 71ms (Views: 70.2ms | ActiveRecord: 0.0ms)


Started GET "/assets/custom.css?body=1" for 127.0.0.1 at 2014-12-09 16:40:31 -0800


Started GET "/assets/static_pages.css?body=1" for 127.0.0.1 at 2014-12-09 16:40:31 -0800


Started GET "/assets/jquery.js?body=1" for 127.0.0.1 at 2014-12-09 16:40:31 -0800


Started GET "/assets/turbolinks.js?body=1" for 127.0.0.1 at 2014-12-09 16:40:31 -0800


Started GET "/assets/jquery_ujs.js?body=1" for 127.0.0.1 at 2014-12-09 16:40:31 -0800


Started GET "/assets/application.css?body=1" for 127.0.0.1 at 2014-12-09 16:40:31 -0800


Started GET "/assets/static_pages.js?body=1" for 127.0.0.1 at 2014-12-09 16:40:31 -0800


Started GET "/assets/application.js?body=1" for 127.0.0.1 at 2014-12-09 16:40:31 -0800


Started GET "/" for 127.0.0.1 at 2014-12-09 16:40:32 -0800
Processing by StaticPagesController#home as HTML
  Rendered static_pages/home.html.erb within layouts/application (0.2ms)
  Rendered layouts/_shim.html.erb (0.1ms)
  Rendered layouts/_header.html.erb (0.6ms)
  Rendered layouts/_footer.html.erb (0.1ms)
Completed 200 OK in 72ms (Views: 72.0ms | ActiveRecord: 0.0ms)


Started GET "/assets/rails.png" for 127.0.0.1 at 2014-12-09 16:40:32 -0800


Started GET "/" for 127.0.0.1 at 2014-12-09 17:47:39 -0800
Processing by StaticPagesController#home as HTML
  Rendered static_pages/home.html.erb within layouts/application (0.3ms)
  Rendered layouts/_shim.html.erb (0.1ms)
  Rendered layouts/_header.html.erb (0.3ms)
  Rendered layouts/_footer.html.erb (0.1ms)
Completed 200 OK in 76ms (Views: 75.3ms | ActiveRecord: 0.0ms)


Started GET "/assets/custom.css?body=1" for 127.0.0.1 at 2014-12-09 17:47:39 -0800


Started GET "/assets/turbolinks.js?body=1" for 127.0.0.1 at 2014-12-09 17:47:39 -0800


Started GET "/assets/static_pages.js?body=1" for 127.0.0.1 at 2014-12-09 17:47:39 -0800


Started GET "/assets/jquery_ujs.js?body=1" for 127.0.0.1 at 2014-12-09 17:47:39 -0800


Started GET "/assets/application.css?body=1" for 127.0.0.1 at 2014-12-09 17:47:39 -0800


Started GET "/assets/static_pages.css?body=1" for 127.0.0.1 at 2014-12-09 17:47:39 -0800


Started GET "/assets/jquery.js?body=1" for 127.0.0.1 at 2014-12-09 17:47:39 -0800


Started GET "/assets/application.js?body=1" for 127.0.0.1 at 2014-12-09 17:47:39 -0800


Started GET "/assets/rails.png" for 127.0.0.1 at 2014-12-09 17:47:39 -0800


Started GET "/" for 127.0.0.1 at 2014-12-09 17:52:36 -0800
Processing by StaticPagesController#home as HTML
  Rendered static_pages/home.html.erb within layouts/application (1.0ms)
  Rendered layouts/_shim.html.erb (0.1ms)
  Rendered layouts/_header.html.erb (0.3ms)
  Rendered layouts/_footer.html.erb (0.1ms)
Completed 200 OK in 276ms (Views: 275.4ms | ActiveRecord: 0.0ms)


Started GET "/assets/custom.css?body=1" for 127.0.0.1 at 2014-12-09 17:52:36 -0800


Started GET "/assets/static_pages.css?body=1" for 127.0.0.1 at 2014-12-09 17:52:36 -0800


Started GET "/assets/turbolinks.js?body=1" for 127.0.0.1 at 2014-12-09 17:52:36 -0800


Started GET "/assets/jquery_ujs.js?body=1" for 127.0.0.1 at 2014-12-09 17:52:36 -0800


Started GET "/assets/application.css?body=1" for 127.0.0.1 at 2014-12-09 17:52:36 -0800


Started GET "/assets/users.css?body=1" for 127.0.0.1 at 2014-12-09 17:52:36 -0800


Started GET "/assets/users.js?body=1" for 127.0.0.1 at 2014-12-09 17:52:36 -0800


Started GET "/assets/jquery.js?body=1" for 127.0.0.1 at 2014-12-09 17:52:36 -0800


Started GET "/assets/static_pages.js?body=1" for 127.0.0.1 at 2014-12-09 17:52:36 -0800


Started GET "/assets/application.js?body=1" for 127.0.0.1 at 2014-12-09 17:52:36 -0800


Started GET "/assets/rails.png" for 127.0.0.1 at 2014-12-09 17:52:36 -0800


Started GET "/signup" for 127.0.0.1 at 2014-12-09 17:52:38 -0800

ActionController::RoutingError (uninitialized constant Users):
  activesupport (4.1.6) lib/active_support/inflector/methods.rb:238:in `const_get'
  activesupport (4.1.6) lib/active_support/inflector/methods.rb:238:in `block in constantize'
  activesupport (4.1.6) lib/active_support/inflector/methods.rb:236:in `each'
  activesupport (4.1.6) lib/active_support/inflector/methods.rb:236:in `inject'
  activesupport (4.1.6) lib/active_support/inflector/methods.rb:236:in `constantize'
  actionpack (4.1.6) lib/action_dispatch/routing/route_set.rb:78:in `controller_reference'
  actionpack (4.1.6) lib/action_dispatch/routing/route_set.rb:68:in `controller'
  actionpack (4.1.6) lib/action_dispatch/routing/route_set.rb:46:in `call'
  actionpack (4.1.6) lib/action_dispatch/journey/router.rb:73:in `block in call'
  actionpack (4.1.6) lib/action_dispatch/journey/router.rb:59:in `each'
  actionpack (4.1.6) lib/action_dispatch/journey/router.rb:59:in `call'
  actionpack (4.1.6) lib/action_dispatch/routing/route_set.rb:678:in `call'
  rack (1.5.2) lib/rack/etag.rb:23:in `call'
  rack (1.5.2) lib/rack/conditionalget.rb:25:in `call'
  rack (1.5.2) lib/rack/head.rb:11:in `call'
  actionpack (4.1.6) lib/action_dispatch/middleware/params_parser.rb:27:in `call'
  actionpack (4.1.6) lib/action_dispatch/middleware/flash.rb:254:in `call'
  rack (1.5.2) lib/rack/session/abstract/id.rb:225:in `context'
  rack (1.5.2) lib/rack/session/abstract/id.rb:220:in `call'
  actionpack (4.1.6) lib/action_dispatch/middleware/cookies.rb:560:in `call'
  activerecord (4.1.6) lib/active_record/query_cache.rb:36:in `call'
  activerecord (4.1.6) lib/active_record/connection_adapters/abstract/connection_pool.rb:621:in `call'
  activerecord (4.1.6) lib/active_record/migration.rb:380:in `call'
  actionpack (4.1.6) lib/action_dispatch/middleware/callbacks.rb:29:in `block in call'
  activesupport (4.1.6) lib/active_support/callbacks.rb:82:in `run_callbacks'
  actionpack (4.1.6) lib/action_dispatch/middleware/callbacks.rb:27:in `call'
  actionpack (4.1.6) lib/action_dispatch/middleware/reloader.rb:73:in `call'
  actionpack (4.1.6) lib/action_dispatch/middleware/remote_ip.rb:76:in `call'
  web-console (2.0.0.beta3) lib/action_dispatch/debug_exceptions.rb:18:in `middleware_call'
  web-console (2.0.0.beta3) lib/action_dispatch/debug_exceptions.rb:13:in `call'
  actionpack (4.1.6) lib/action_dispatch/middleware/show_exceptions.rb:30:in `call'
  railties (4.1.6) lib/rails/rack/logger.rb:38:in `call_app'
  railties (4.1.6) lib/rails/rack/logger.rb:20:in `block in call'
  activesupport (4.1.6) lib/active_support/tagged_logging.rb:68:in `block in tagged'
  activesupport (4.1.6) lib/active_support/tagged_logging.rb:26:in `tagged'
  activesupport (4.1.6) lib/active_support/tagged_logging.rb:68:in `tagged'
  railties (4.1.6) lib/rails/rack/logger.rb:20:in `call'
  actionpack (4.1.6) lib/action_dispatch/middleware/request_id.rb:21:in `call'
  rack (1.5.2) lib/rack/methodoverride.rb:21:in `call'
  rack (1.5.2) lib/rack/runtime.rb:17:in `call'
  activesupport (4.1.6) lib/active_support/cache/strategy/local_cache_middleware.rb:26:in `call'
  rack (1.5.2) lib/rack/lock.rb:17:in `call'
  actionpack (4.1.6) lib/action_dispatch/middleware/static.rb:64:in `call'
  rack (1.5.2) lib/rack/sendfile.rb:112:in `call'
  railties (4.1.6) lib/rails/engine.rb:514:in `call'
  railties (4.1.6) lib/rails/application.rb:144:in `call'
  rack (1.5.2) lib/rack/lock.rb:17:in `call'
  rack (1.5.2) lib/rack/content_length.rb:14:in `call'
  rack (1.5.2) lib/rack/handler/webrick.rb:60:in `service'
  /Users/katemcfaul/.rbenv/versions/2.1.2/lib/ruby/2.1.0/webrick/httpserver.rb:138:in `service'
  /Users/katemcfaul/.rbenv/versions/2.1.2/lib/ruby/2.1.0/webrick/httpserver.rb:94:in `run'
  /Users/katemcfaul/.rbenv/versions/2.1.2/lib/ruby/2.1.0/webrick/server.rb:295:in `block in start_thread'


  Rendered /Users/katemcfaul/.rbenv/versions/2.1.2/lib/ruby/gems/2.1.0/gems/web-console-2.0.0.beta3/lib/action_dispatch/templates/rescues/_trace.html.erb (2.4ms)
  Rendered /Users/katemcfaul/.rbenv/versions/2.1.2/lib/ruby/gems/2.1.0/gems/web-console-2.0.0.beta3/lib/action_dispatch/templates/rescues/routing_error.html.erb within rescues/layout (16.9ms)


Started GET "/signup" for 127.0.0.1 at 2014-12-09 17:52:38 -0800

ActionController::RoutingError (uninitialized constant Users):
  activesupport (4.1.6) lib/active_support/inflector/methods.rb:238:in `const_get'
  activesupport (4.1.6) lib/active_support/inflector/methods.rb:238:in `block in constantize'
  activesupport (4.1.6) lib/active_support/inflector/methods.rb:236:in `each'
  activesupport (4.1.6) lib/active_support/inflector/methods.rb:236:in `inject'
  activesupport (4.1.6) lib/active_support/inflector/methods.rb:236:in `constantize'
  actionpack (4.1.6) lib/action_dispatch/routing/route_set.rb:78:in `controller_reference'
  actionpack (4.1.6) lib/action_dispatch/routing/route_set.rb:68:in `controller'
  actionpack (4.1.6) lib/action_dispatch/routing/route_set.rb:46:in `call'
  actionpack (4.1.6) lib/action_dispatch/journey/router.rb:73:in `block in call'
  actionpack (4.1.6) lib/action_dispatch/journey/router.rb:59:in `each'
  actionpack (4.1.6) lib/action_dispatch/journey/router.rb:59:in `call'
  actionpack (4.1.6) lib/action_dispatch/routing/route_set.rb:678:in `call'
  rack (1.5.2) lib/rack/etag.rb:23:in `call'
  rack (1.5.2) lib/rack/conditionalget.rb:25:in `call'
  rack (1.5.2) lib/rack/head.rb:11:in `call'
  actionpack (4.1.6) lib/action_dispatch/middleware/params_parser.rb:27:in `call'
  actionpack (4.1.6) lib/action_dispatch/middleware/flash.rb:254:in `call'
  rack (1.5.2) lib/rack/session/abstract/id.rb:225:in `context'
  rack (1.5.2) lib/rack/session/abstract/id.rb:220:in `call'
  actionpack (4.1.6) lib/action_dispatch/middleware/cookies.rb:560:in `call'
  activerecord (4.1.6) lib/active_record/query_cache.rb:36:in `call'
  activerecord (4.1.6) lib/active_record/connection_adapters/abstract/connection_pool.rb:621:in `call'
  activerecord (4.1.6) lib/active_record/migration.rb:380:in `call'
  actionpack (4.1.6) lib/action_dispatch/middleware/callbacks.rb:29:in `block in call'
  activesupport (4.1.6) lib/active_support/callbacks.rb:82:in `run_callbacks'
  actionpack (4.1.6) lib/action_dispatch/middleware/callbacks.rb:27:in `call'
  actionpack (4.1.6) lib/action_dispatch/middleware/reloader.rb:73:in `call'
  actionpack (4.1.6) lib/action_dispatch/middleware/remote_ip.rb:76:in `call'
  web-console (2.0.0.beta3) lib/action_dispatch/debug_exceptions.rb:18:in `middleware_call'
  web-console (2.0.0.beta3) lib/action_dispatch/debug_exceptions.rb:13:in `call'
  actionpack (4.1.6) lib/action_dispatch/middleware/show_exceptions.rb:30:in `call'
  railties (4.1.6) lib/rails/rack/logger.rb:38:in `call_app'
  railties (4.1.6) lib/rails/rack/logger.rb:20:in `block in call'
  activesupport (4.1.6) lib/active_support/tagged_logging.rb:68:in `block in tagged'
  activesupport (4.1.6) lib/active_support/tagged_logging.rb:26:in `tagged'
  activesupport (4.1.6) lib/active_support/tagged_logging.rb:68:in `tagged'
  railties (4.1.6) lib/rails/rack/logger.rb:20:in `call'
  actionpack (4.1.6) lib/action_dispatch/middleware/request_id.rb:21:in `call'
  rack (1.5.2) lib/rack/methodoverride.rb:21:in `call'
  rack (1.5.2) lib/rack/runtime.rb:17:in `call'
  activesupport (4.1.6) lib/active_support/cache/strategy/local_cache_middleware.rb:26:in `call'
  rack (1.5.2) lib/rack/lock.rb:17:in `call'
  actionpack (4.1.6) lib/action_dispatch/middleware/static.rb:64:in `call'
  rack (1.5.2) lib/rack/sendfile.rb:112:in `call'
  railties (4.1.6) lib/rails/engine.rb:514:in `call'
  railties (4.1.6) lib/rails/application.rb:144:in `call'
  rack (1.5.2) lib/rack/lock.rb:17:in `call'
  rack (1.5.2) lib/rack/content_length.rb:14:in `call'
  rack (1.5.2) lib/rack/handler/webrick.rb:60:in `service'
  /Users/katemcfaul/.rbenv/versions/2.1.2/lib/ruby/2.1.0/webrick/httpserver.rb:138:in `service'
  /Users/katemcfaul/.rbenv/versions/2.1.2/lib/ruby/2.1.0/webrick/httpserver.rb:94:in `run'
  /Users/katemcfaul/.rbenv/versions/2.1.2/lib/ruby/2.1.0/webrick/server.rb:295:in `block in start_thread'


  Rendered /Users/katemcfaul/.rbenv/versions/2.1.2/lib/ruby/gems/2.1.0/gems/web-console-2.0.0.beta3/lib/action_dispatch/templates/rescues/_trace.html.erb (2.0ms)
  Rendered /Users/katemcfaul/.rbenv/versions/2.1.2/lib/ruby/gems/2.1.0/gems/web-console-2.0.0.beta3/lib/action_dispatch/templates/rescues/routing_error.html.erb within rescues/layout (22.9ms)


Started GET "/signup" for 127.0.0.1 at 2014-12-09 17:52:39 -0800

ActionController::RoutingError (uninitialized constant Users):
  activesupport (4.1.6) lib/active_support/inflector/methods.rb:238:in `const_get'
  activesupport (4.1.6) lib/active_support/inflector/methods.rb:238:in `block in constantize'
  activesupport (4.1.6) lib/active_support/inflector/methods.rb:236:in `each'
  activesupport (4.1.6) lib/active_support/inflector/methods.rb:236:in `inject'
  activesupport (4.1.6) lib/active_support/inflector/methods.rb:236:in `constantize'
  actionpack (4.1.6) lib/action_dispatch/routing/route_set.rb:78:in `controller_reference'
  actionpack (4.1.6) lib/action_dispatch/routing/route_set.rb:68:in `controller'
  actionpack (4.1.6) lib/action_dispatch/routing/route_set.rb:46:in `call'
  actionpack (4.1.6) lib/action_dispatch/journey/router.rb:73:in `block in call'
  actionpack (4.1.6) lib/action_dispatch/journey/router.rb:59:in `each'
  actionpack (4.1.6) lib/action_dispatch/journey/router.rb:59:in `call'
  actionpack (4.1.6) lib/action_dispatch/routing/route_set.rb:678:in `call'
  rack (1.5.2) lib/rack/etag.rb:23:in `call'
  rack (1.5.2) lib/rack/conditionalget.rb:25:in `call'
  rack (1.5.2) lib/rack/head.rb:11:in `call'
  actionpack (4.1.6) lib/action_dispatch/middleware/params_parser.rb:27:in `call'
  actionpack (4.1.6) lib/action_dispatch/middleware/flash.rb:254:in `call'
  rack (1.5.2) lib/rack/session/abstract/id.rb:225:in `context'
  rack (1.5.2) lib/rack/session/abstract/id.rb:220:in `call'
  actionpack (4.1.6) lib/action_dispatch/middleware/cookies.rb:560:in `call'
  activerecord (4.1.6) lib/active_record/query_cache.rb:36:in `call'
  activerecord (4.1.6) lib/active_record/connection_adapters/abstract/connection_pool.rb:621:in `call'
  activerecord (4.1.6) lib/active_record/migration.rb:380:in `call'
  actionpack (4.1.6) lib/action_dispatch/middleware/callbacks.rb:29:in `block in call'
  activesupport (4.1.6) lib/active_support/callbacks.rb:82:in `run_callbacks'
  actionpack (4.1.6) lib/action_dispatch/middleware/callbacks.rb:27:in `call'
  actionpack (4.1.6) lib/action_dispatch/middleware/reloader.rb:73:in `call'
  actionpack (4.1.6) lib/action_dispatch/middleware/remote_ip.rb:76:in `call'
  web-console (2.0.0.beta3) lib/action_dispatch/debug_exceptions.rb:18:in `middleware_call'
  web-console (2.0.0.beta3) lib/action_dispatch/debug_exceptions.rb:13:in `call'
  actionpack (4.1.6) lib/action_dispatch/middleware/show_exceptions.rb:30:in `call'
  railties (4.1.6) lib/rails/rack/logger.rb:38:in `call_app'
  railties (4.1.6) lib/rails/rack/logger.rb:20:in `block in call'
  activesupport (4.1.6) lib/active_support/tagged_logging.rb:68:in `block in tagged'
  activesupport (4.1.6) lib/active_support/tagged_logging.rb:26:in `tagged'
  activesupport (4.1.6) lib/active_support/tagged_logging.rb:68:in `tagged'
  railties (4.1.6) lib/rails/rack/logger.rb:20:in `call'
  actionpack (4.1.6) lib/action_dispatch/middleware/request_id.rb:21:in `call'
  rack (1.5.2) lib/rack/methodoverride.rb:21:in `call'
  rack (1.5.2) lib/rack/runtime.rb:17:in `call'
  activesupport (4.1.6) lib/active_support/cache/strategy/local_cache_middleware.rb:26:in `call'
  rack (1.5.2) lib/rack/lock.rb:17:in `call'
  actionpack (4.1.6) lib/action_dispatch/middleware/static.rb:64:in `call'
  rack (1.5.2) lib/rack/sendfile.rb:112:in `call'
  railties (4.1.6) lib/rails/engine.rb:514:in `call'
  railties (4.1.6) lib/rails/application.rb:144:in `call'
  rack (1.5.2) lib/rack/lock.rb:17:in `call'
  rack (1.5.2) lib/rack/content_length.rb:14:in `call'
  rack (1.5.2) lib/rack/handler/webrick.rb:60:in `service'
  /Users/katemcfaul/.rbenv/versions/2.1.2/lib/ruby/2.1.0/webrick/httpserver.rb:138:in `service'
  /Users/katemcfaul/.rbenv/versions/2.1.2/lib/ruby/2.1.0/webrick/httpserver.rb:94:in `run'
  /Users/katemcfaul/.rbenv/versions/2.1.2/lib/ruby/2.1.0/webrick/server.rb:295:in `block in start_thread'


  Rendered /Users/katemcfaul/.rbenv/versions/2.1.2/lib/ruby/gems/2.1.0/gems/web-console-2.0.0.beta3/lib/action_dispatch/templates/rescues/_trace.html.erb (1.7ms)
  Rendered /Users/katemcfaul/.rbenv/versions/2.1.2/lib/ruby/gems/2.1.0/gems/web-console-2.0.0.beta3/lib/action_dispatch/templates/rescues/routing_error.html.erb within rescues/layout (14.8ms)


Started GET "/signup" for 127.0.0.1 at 2014-12-09 17:53:47 -0800

ActionController::RoutingError (uninitialized constant Users):
  activesupport (4.1.6) lib/active_support/inflector/methods.rb:238:in `const_get'
  activesupport (4.1.6) lib/active_support/inflector/methods.rb:238:in `block in constantize'
  activesupport (4.1.6) lib/active_support/inflector/methods.rb:236:in `each'
  activesupport (4.1.6) lib/active_support/inflector/methods.rb:236:in `inject'
  activesupport (4.1.6) lib/active_support/inflector/methods.rb:236:in `constantize'
  actionpack (4.1.6) lib/action_dispatch/routing/route_set.rb:78:in `controller_reference'
  actionpack (4.1.6) lib/action_dispatch/routing/route_set.rb:68:in `controller'
  actionpack (4.1.6) lib/action_dispatch/routing/route_set.rb:46:in `call'
  actionpack (4.1.6) lib/action_dispatch/journey/router.rb:73:in `block in call'
  actionpack (4.1.6) lib/action_dispatch/journey/router.rb:59:in `each'
  actionpack (4.1.6) lib/action_dispatch/journey/router.rb:59:in `call'
  actionpack (4.1.6) lib/action_dispatch/routing/route_set.rb:678:in `call'
  rack (1.5.2) lib/rack/etag.rb:23:in `call'
  rack (1.5.2) lib/rack/conditionalget.rb:25:in `call'
  rack (1.5.2) lib/rack/head.rb:11:in `call'
  actionpack (4.1.6) lib/action_dispatch/middleware/params_parser.rb:27:in `call'
  actionpack (4.1.6) lib/action_dispatch/middleware/flash.rb:254:in `call'
  rack (1.5.2) lib/rack/session/abstract/id.rb:225:in `context'
  rack (1.5.2) lib/rack/session/abstract/id.rb:220:in `call'
  actionpack (4.1.6) lib/action_dispatch/middleware/cookies.rb:560:in `call'
  activerecord (4.1.6) lib/active_record/query_cache.rb:36:in `call'
  activerecord (4.1.6) lib/active_record/connection_adapters/abstract/connection_pool.rb:621:in `call'
  activerecord (4.1.6) lib/active_record/migration.rb:380:in `call'
  actionpack (4.1.6) lib/action_dispatch/middleware/callbacks.rb:29:in `block in call'
  activesupport (4.1.6) lib/active_support/callbacks.rb:82:in `run_callbacks'
  actionpack (4.1.6) lib/action_dispatch/middleware/callbacks.rb:27:in `call'
  actionpack (4.1.6) lib/action_dispatch/middleware/reloader.rb:73:in `call'
  actionpack (4.1.6) lib/action_dispatch/middleware/remote_ip.rb:76:in `call'
  web-console (2.0.0.beta3) lib/action_dispatch/debug_exceptions.rb:18:in `middleware_call'
  web-console (2.0.0.beta3) lib/action_dispatch/debug_exceptions.rb:13:in `call'
  actionpack (4.1.6) lib/action_dispatch/middleware/show_exceptions.rb:30:in `call'
  railties (4.1.6) lib/rails/rack/logger.rb:38:in `call_app'
  railties (4.1.6) lib/rails/rack/logger.rb:20:in `block in call'
  activesupport (4.1.6) lib/active_support/tagged_logging.rb:68:in `block in tagged'
  activesupport (4.1.6) lib/active_support/tagged_logging.rb:26:in `tagged'
  activesupport (4.1.6) lib/active_support/tagged_logging.rb:68:in `tagged'
  railties (4.1.6) lib/rails/rack/logger.rb:20:in `call'
  actionpack (4.1.6) lib/action_dispatch/middleware/request_id.rb:21:in `call'
  rack (1.5.2) lib/rack/methodoverride.rb:21:in `call'
  rack (1.5.2) lib/rack/runtime.rb:17:in `call'
  activesupport (4.1.6) lib/active_support/cache/strategy/local_cache_middleware.rb:26:in `call'
  rack (1.5.2) lib/rack/lock.rb:17:in `call'
  actionpack (4.1.6) lib/action_dispatch/middleware/static.rb:64:in `call'
  rack (1.5.2) lib/rack/sendfile.rb:112:in `call'
  railties (4.1.6) lib/rails/engine.rb:514:in `call'
  railties (4.1.6) lib/rails/application.rb:144:in `call'
  rack (1.5.2) lib/rack/lock.rb:17:in `call'
  rack (1.5.2) lib/rack/content_length.rb:14:in `call'
  rack (1.5.2) lib/rack/handler/webrick.rb:60:in `service'
  /Users/katemcfaul/.rbenv/versions/2.1.2/lib/ruby/2.1.0/webrick/httpserver.rb:138:in `service'
  /Users/katemcfaul/.rbenv/versions/2.1.2/lib/ruby/2.1.0/webrick/httpserver.rb:94:in `run'
  /Users/katemcfaul/.rbenv/versions/2.1.2/lib/ruby/2.1.0/webrick/server.rb:295:in `block in start_thread'


  Rendered /Users/katemcfaul/.rbenv/versions/2.1.2/lib/ruby/gems/2.1.0/gems/web-console-2.0.0.beta3/lib/action_dispatch/templates/rescues/_trace.html.erb (1.6ms)
  Rendered /Users/katemcfaul/.rbenv/versions/2.1.2/lib/ruby/gems/2.1.0/gems/web-console-2.0.0.beta3/lib/action_dispatch/templates/rescues/routing_error.html.erb within rescues/layout (17.3ms)


Started GET "/signup" for 127.0.0.1 at 2014-12-09 17:54:21 -0800
Processing by UsersController#new as HTML
  Rendered users/new.html.erb within layouts/application (0.3ms)
  Rendered layouts/_shim.html.erb (0.3ms)
  Rendered layouts/_header.html.erb (0.6ms)
  Rendered layouts/_footer.html.erb (0.3ms)
Completed 200 OK in 142ms (Views: 133.4ms | ActiveRecord: 0.0ms)


Started GET "/assets/custom.css?body=1" for 127.0.0.1 at 2014-12-09 17:54:21 -0800


Started GET "/assets/jquery.js?body=1" for 127.0.0.1 at 2014-12-09 17:54:21 -0800


Started GET "/assets/application.css?body=1" for 127.0.0.1 at 2014-12-09 17:54:21 -0800


Started GET "/assets/static_pages.css?body=1" for 127.0.0.1 at 2014-12-09 17:54:21 -0800


Started GET "/assets/jquery_ujs.js?body=1" for 127.0.0.1 at 2014-12-09 17:54:21 -0800


Started GET "/assets/users.css?body=1" for 127.0.0.1 at 2014-12-09 17:54:21 -0800


Started GET "/assets/turbolinks.js?body=1" for 127.0.0.1 at 2014-12-09 17:54:21 -0800


Started GET "/assets/users.js?body=1" for 127.0.0.1 at 2014-12-09 17:54:21 -0800


Started GET "/assets/static_pages.js?body=1" for 127.0.0.1 at 2014-12-09 17:54:21 -0800


Started GET "/assets/application.js?body=1" for 127.0.0.1 at 2014-12-09 17:54:21 -0800


Started GET "/" for 127.0.0.1 at 2014-12-10 17:43:22 -0800
Processing by StaticPagesController#home as HTML
  Rendered static_pages/home.html.erb within layouts/application (4.1ms)
  Rendered layouts/_shim.html.erb (0.5ms)
  Rendered layouts/_header.html.erb (0.9ms)
  Rendered layouts/_footer.html.erb (0.6ms)
Completed 200 OK in 207ms (Views: 198.4ms | ActiveRecord: 0.0ms)


Started GET "/assets/static_pages.css?body=1" for 127.0.0.1 at 2014-12-10 17:43:22 -0800


Started GET "/assets/users.css?body=1" for 127.0.0.1 at 2014-12-10 17:43:22 -0800


Started GET "/assets/application.css?body=1" for 127.0.0.1 at 2014-12-10 17:43:22 -0800


Started GET "/assets/custom.css?body=1" for 127.0.0.1 at 2014-12-10 17:43:22 -0800


Started GET "/assets/jquery_ujs.js?body=1" for 127.0.0.1 at 2014-12-10 17:43:22 -0800


Started GET "/assets/jquery.js?body=1" for 127.0.0.1 at 2014-12-10 17:43:22 -0800


Started GET "/assets/turbolinks.js?body=1" for 127.0.0.1 at 2014-12-10 17:43:22 -0800


Started GET "/assets/users.js?body=1" for 127.0.0.1 at 2014-12-10 17:43:22 -0800


Started GET "/assets/application.js?body=1" for 127.0.0.1 at 2014-12-10 17:43:22 -0800


Started GET "/assets/static_pages.js?body=1" for 127.0.0.1 at 2014-12-10 17:43:22 -0800


Started GET "/assets/rails.png" for 127.0.0.1 at 2014-12-10 17:43:22 -0800


Started GET "/signup" for 127.0.0.1 at 2014-12-10 17:43:24 -0800
Processing by UsersController#new as HTML
  Rendered users/new.html.erb within layouts/application (0.3ms)
  Rendered layouts/_shim.html.erb (0.3ms)
  Rendered layouts/_header.html.erb (0.7ms)
  Rendered layouts/_footer.html.erb (0.4ms)
Completed 200 OK in 108ms (Views: 107.5ms | ActiveRecord: 0.0ms)
