  [1m[36m (1.2ms)[0m  [1mCREATE TABLE "schema_migrations" ("version" varchar(255) NOT NULL) [0m
  [1m[35m (0.1ms)[0m  select sqlite_version(*)
  [1m[36m (1.1ms)[0m  [1mCREATE UNIQUE INDEX "unique_schema_migrations" ON "schema_migrations" ("version")[0m
  [1m[35mActiveRecord::SchemaMigration Load (0.1ms)[0m  SELECT "schema_migrations".* FROM "schema_migrations"
Migrating to CreateUsers (20141208014330)
  [1m[36m (0.1ms)[0m  [1mbegin transaction[0m
  [1m[35m (0.4ms)[0m  CREATE TABLE "users" ("id" INTEGER PRIMARY KEY AUTOINCREMENT NOT NULL, "name" varchar(255), "email" varchar(255), "created_at" datetime, "updated_at" datetime) 
  [1m[36mSQL (0.2ms)[0m  [1mINSERT INTO "schema_migrations" ("version") VALUES (?)[0m  [["version", "20141208014330"]]
  [1m[35m (0.8ms)[0m  commit transaction
  [1m[36mActiveRecord::SchemaMigration Load (0.1ms)[0m  [1mSELECT "schema_migrations".* FROM "schema_migrations"[0m


Started GET "/" for 127.0.0.1 at 2014-12-07 17:44:56 -0800
  [1m[36mActiveRecord::SchemaMigration Load (0.1ms)[0m  [1mSELECT "schema_migrations".* FROM "schema_migrations"[0m
Processing by Rails::WelcomeController#index as HTML
  Rendered /Users/katemcfaul/.rbenv/versions/2.1.2/lib/ruby/gems/2.1.0/gems/railties-4.1.6/lib/rails/templates/rails/welcome/index.html.erb (1.6ms)
Completed 200 OK in 15ms (Views: 7.3ms | ActiveRecord: 0.0ms)


Started GET "/" for 127.0.0.1 at 2014-12-07 17:45:00 -0800
Processing by Rails::WelcomeController#index as HTML
  Rendered /Users/katemcfaul/.rbenv/versions/2.1.2/lib/ruby/gems/2.1.0/gems/railties-4.1.6/lib/rails/templates/rails/welcome/index.html.erb (0.1ms)
Completed 200 OK in 2ms (Views: 1.3ms | ActiveRecord: 0.0ms)


Started GET "/" for 127.0.0.1 at 2014-12-07 17:45:07 -0800
Processing by Rails::WelcomeController#index as HTML
  Rendered /Users/katemcfaul/.rbenv/versions/2.1.2/lib/ruby/gems/2.1.0/gems/railties-4.1.6/lib/rails/templates/rails/welcome/index.html.erb (0.2ms)
Completed 200 OK in 2ms (Views: 1.7ms | ActiveRecord: 0.0ms)


Started GET "/users" for 127.0.0.1 at 2014-12-07 17:45:08 -0800
Processing by UsersController#index as HTML
  [1m[35mUser Load (0.1ms)[0m  SELECT "users".* FROM "users"
  Rendered users/index.html.erb within layouts/application (1.1ms)
Completed 200 OK in 575ms (Views: 573.7ms | ActiveRecord: 0.1ms)


Started GET "/assets/scaffolds.css?body=1" for 127.0.0.1 at 2014-12-07 17:45:09 -0800


Started GET "/assets/turbolinks.js?body=1" for 127.0.0.1 at 2014-12-07 17:45:09 -0800


Started GET "/assets/application.css?body=1" for 127.0.0.1 at 2014-12-07 17:45:09 -0800


Started GET "/assets/users.css?body=1" for 127.0.0.1 at 2014-12-07 17:45:09 -0800


Started GET "/assets/jquery_ujs.js?body=1" for 127.0.0.1 at 2014-12-07 17:45:09 -0800


Started GET "/assets/users.js?body=1" for 127.0.0.1 at 2014-12-07 17:45:09 -0800


Started GET "/assets/application.js?body=1" for 127.0.0.1 at 2014-12-07 17:45:09 -0800


Started GET "/assets/jquery.js?body=1" for 127.0.0.1 at 2014-12-07 17:45:09 -0800


Started GET "/users/new" for 127.0.0.1 at 2014-12-07 18:40:49 -0800
Processing by UsersController#new as HTML
  Rendered users/_form.html.erb (19.1ms)
  Rendered users/new.html.erb within layouts/application (24.7ms)
Completed 200 OK in 67ms (Views: 65.8ms | ActiveRecord: 0.3ms)


Started POST "/users" for 127.0.0.1 at 2014-12-07 18:40:57 -0800
Processing by UsersController#create as HTML
  Parameters: {"utf8"=>"✓", "authenticity_token"=>"jgZIOMjBrQZeJqbxF8blbHhMQW+KCbQX8YTfoUQjiwE=", "user"=>{"name"=>"kate", "email"=>"kate@example.com"}, "commit"=>"Create User"}
  [1m[36m (0.1ms)[0m  [1mbegin transaction[0m
  [1m[35mSQL (0.4ms)[0m  INSERT INTO "users" ("created_at", "email", "name", "updated_at") VALUES (?, ?, ?, ?)  [["created_at", "2014-12-08 02:40:57.476913"], ["email", "kate@example.com"], ["name", "kate"], ["updated_at", "2014-12-08 02:40:57.476913"]]
  [1m[36m (0.8ms)[0m  [1mcommit transaction[0m
Redirected to http://localhost:3000/users/1
Completed 302 Found in 7ms (ActiveRecord: 1.3ms)


Started GET "/users/1" for 127.0.0.1 at 2014-12-07 18:40:57 -0800
Processing by UsersController#show as HTML
  Parameters: {"id"=>"1"}
  [1m[35mUser Load (0.2ms)[0m  SELECT  "users".* FROM "users"  WHERE "users"."id" = ? LIMIT 1  [["id", 1]]
  Rendered users/show.html.erb within layouts/application (0.6ms)
Completed 200 OK in 47ms (Views: 45.1ms | ActiveRecord: 0.2ms)


Started GET "/assets/scaffolds.css?body=1" for 127.0.0.1 at 2014-12-07 18:40:57 -0800


Started GET "/assets/users.js?body=1" for 127.0.0.1 at 2014-12-07 18:40:57 -0800


Started GET "/assets/users.css?body=1" for 127.0.0.1 at 2014-12-07 18:40:57 -0800


Started GET "/assets/jquery.js?body=1" for 127.0.0.1 at 2014-12-07 18:40:57 -0800


Started GET "/assets/turbolinks.js?body=1" for 127.0.0.1 at 2014-12-07 18:40:57 -0800


Started GET "/assets/application.css?body=1" for 127.0.0.1 at 2014-12-07 18:40:57 -0800


Started GET "/assets/application.js?body=1" for 127.0.0.1 at 2014-12-07 18:40:57 -0800


Started GET "/assets/jquery_ujs.js?body=1" for 127.0.0.1 at 2014-12-07 18:40:57 -0800


Started GET "/users" for 127.0.0.1 at 2014-12-07 18:41:10 -0800
Processing by UsersController#index as HTML
  [1m[36mUser Load (0.2ms)[0m  [1mSELECT "users".* FROM "users"[0m
  Rendered users/index.html.erb within layouts/application (58.3ms)
Completed 200 OK in 97ms (Views: 96.5ms | ActiveRecord: 0.2ms)


Started GET "/users/1" for 127.0.0.1 at 2014-12-07 18:41:12 -0800
Processing by UsersController#show as HTML
  Parameters: {"id"=>"1"}
  [1m[35mUser Load (0.1ms)[0m  SELECT  "users".* FROM "users"  WHERE "users"."id" = ? LIMIT 1  [["id", 1]]
  Rendered users/show.html.erb within layouts/application (0.6ms)
Completed 200 OK in 42ms (Views: 40.7ms | ActiveRecord: 0.1ms)


Started GET "/users" for 127.0.0.1 at 2014-12-07 18:41:21 -0800
Processing by UsersController#index as HTML
  [1m[36mUser Load (0.2ms)[0m  [1mSELECT "users".* FROM "users"[0m
  Rendered users/index.html.erb within layouts/application (1.3ms)
Completed 200 OK in 45ms (Views: 43.8ms | ActiveRecord: 0.2ms)


Started GET "/users/new" for 127.0.0.1 at 2014-12-07 18:41:58 -0800
Processing by UsersController#new as HTML
  Rendered users/_form.html.erb (1.3ms)
  Rendered users/new.html.erb within layouts/application (2.3ms)
Completed 200 OK in 64ms (Views: 63.1ms | ActiveRecord: 0.0ms)


Started POST "/users" for 127.0.0.1 at 2014-12-07 18:42:08 -0800
Processing by UsersController#create as HTML
  Parameters: {"utf8"=>"✓", "authenticity_token"=>"jgZIOMjBrQZeJqbxF8blbHhMQW+KCbQX8YTfoUQjiwE=", "user"=>{"name"=>"banana", "email"=>"banana@example.com"}, "commit"=>"Create User"}
  [1m[35m (0.1ms)[0m  begin transaction
  [1m[36mSQL (0.3ms)[0m  [1mINSERT INTO "users" ("created_at", "email", "name", "updated_at") VALUES (?, ?, ?, ?)[0m  [["created_at", "2014-12-08 02:42:08.744683"], ["email", "banana@example.com"], ["name", "banana"], ["updated_at", "2014-12-08 02:42:08.744683"]]
  [1m[35m (1.3ms)[0m  commit transaction
Redirected to http://localhost:3000/users/2
Completed 302 Found in 4ms (ActiveRecord: 1.7ms)


Started GET "/users/2" for 127.0.0.1 at 2014-12-07 18:42:08 -0800
Processing by UsersController#show as HTML
  Parameters: {"id"=>"2"}
  [1m[36mUser Load (0.1ms)[0m  [1mSELECT  "users".* FROM "users"  WHERE "users"."id" = ? LIMIT 1[0m  [["id", 2]]
  Rendered users/show.html.erb within layouts/application (0.4ms)
Completed 200 OK in 56ms (Views: 54.6ms | ActiveRecord: 0.1ms)


Started GET "/assets/scaffolds.css?body=1" for 127.0.0.1 at 2014-12-07 18:42:08 -0800


Started GET "/assets/application.css?body=1" for 127.0.0.1 at 2014-12-07 18:42:08 -0800


Started GET "/assets/users.css?body=1" for 127.0.0.1 at 2014-12-07 18:42:08 -0800


Started GET "/assets/jquery.js?body=1" for 127.0.0.1 at 2014-12-07 18:42:08 -0800


Started GET "/assets/users.js?body=1" for 127.0.0.1 at 2014-12-07 18:42:08 -0800


Started GET "/assets/jquery_ujs.js?body=1" for 127.0.0.1 at 2014-12-07 18:42:08 -0800


Started GET "/assets/turbolinks.js?body=1" for 127.0.0.1 at 2014-12-07 18:42:08 -0800


Started GET "/assets/application.js?body=1" for 127.0.0.1 at 2014-12-07 18:42:08 -0800


Started GET "/users" for 127.0.0.1 at 2014-12-07 18:42:10 -0800
Processing by UsersController#index as HTML
  [1m[35mUser Load (0.1ms)[0m  SELECT "users".* FROM "users"
  Rendered users/index.html.erb within layouts/application (1.1ms)
Completed 200 OK in 42ms (Views: 41.4ms | ActiveRecord: 0.1ms)


Started DELETE "/users/2" for 127.0.0.1 at 2014-12-07 18:42:31 -0800
Processing by UsersController#destroy as HTML
  Parameters: {"authenticity_token"=>"jgZIOMjBrQZeJqbxF8blbHhMQW+KCbQX8YTfoUQjiwE=", "id"=>"2"}
  [1m[36mUser Load (0.1ms)[0m  [1mSELECT  "users".* FROM "users"  WHERE "users"."id" = ? LIMIT 1[0m  [["id", 2]]
  [1m[35m (0.1ms)[0m  begin transaction
  [1m[36mSQL (0.2ms)[0m  [1mDELETE FROM "users" WHERE "users"."id" = ?[0m  [["id", 2]]
  [1m[35m (1.1ms)[0m  commit transaction
Redirected to http://localhost:3000/users
Completed 302 Found in 3ms (ActiveRecord: 1.4ms)


Started GET "/users" for 127.0.0.1 at 2014-12-07 18:42:31 -0800
Processing by UsersController#index as HTML
  [1m[36mUser Load (0.1ms)[0m  [1mSELECT "users".* FROM "users"[0m
  Rendered users/index.html.erb within layouts/application (0.7ms)
Completed 200 OK in 65ms (Views: 64.0ms | ActiveRecord: 0.1ms)


Started GET "/assets/scaffolds.css?body=1" for 127.0.0.1 at 2014-12-07 18:42:31 -0800


Started GET "/assets/jquery_ujs.js?body=1" for 127.0.0.1 at 2014-12-07 18:42:31 -0800


Started GET "/assets/users.css?body=1" for 127.0.0.1 at 2014-12-07 18:42:31 -0800


Started GET "/assets/jquery.js?body=1" for 127.0.0.1 at 2014-12-07 18:42:31 -0800


Started GET "/assets/turbolinks.js?body=1" for 127.0.0.1 at 2014-12-07 18:42:31 -0800


Started GET "/assets/application.css?body=1" for 127.0.0.1 at 2014-12-07 18:42:31 -0800


Started GET "/assets/users.js?body=1" for 127.0.0.1 at 2014-12-07 18:42:31 -0800


Started GET "/assets/application.js?body=1" for 127.0.0.1 at 2014-12-07 18:42:31 -0800


Started GET "/users" for 127.0.0.1 at 2014-12-07 18:47:53 -0800
Processing by UsersController#index as HTML
  [1m[35mUser Load (0.3ms)[0m  SELECT "users".* FROM "users"
  Rendered users/index.html.erb within layouts/application (3.7ms)
Completed 200 OK in 52ms (Views: 50.2ms | ActiveRecord: 0.5ms)


Started GET "/assets/users.css?body=1" for 127.0.0.1 at 2014-12-07 18:47:53 -0800


Started GET "/assets/users.js?body=1" for 127.0.0.1 at 2014-12-07 18:47:53 -0800


Started GET "/assets/scaffolds.css?body=1" for 127.0.0.1 at 2014-12-07 18:47:53 -0800


Started GET "/assets/application.css?body=1" for 127.0.0.1 at 2014-12-07 18:47:53 -0800


Started GET "/assets/jquery.js?body=1" for 127.0.0.1 at 2014-12-07 18:47:53 -0800


Started GET "/assets/application.js?body=1" for 127.0.0.1 at 2014-12-07 18:47:53 -0800


Started GET "/assets/jquery_ujs.js?body=1" for 127.0.0.1 at 2014-12-07 18:47:53 -0800


Started GET "/assets/turbolinks.js?body=1" for 127.0.0.1 at 2014-12-07 18:47:53 -0800


Started GET "/" for 127.0.0.1 at 2014-12-07 18:47:54 -0800

ActionController::RoutingError (uninitialized constant UserController):
  activesupport (4.1.6) lib/active_support/inflector/methods.rb:238:in `const_get'
  activesupport (4.1.6) lib/active_support/inflector/methods.rb:238:in `block in constantize'
  activesupport (4.1.6) lib/active_support/inflector/methods.rb:236:in `each'
  activesupport (4.1.6) lib/active_support/inflector/methods.rb:236:in `inject'
  activesupport (4.1.6) lib/active_support/inflector/methods.rb:236:in `constantize'
  actionpack (4.1.6) lib/action_dispatch/routing/route_set.rb:78:in `controller_reference'
  actionpack (4.1.6) lib/action_dispatch/routing/route_set.rb:68:in `controller'
  actionpack (4.1.6) lib/action_dispatch/routing/route_set.rb:46:in `call'
  actionpack (4.1.6) lib/action_dispatch/journey/router.rb:73:in `block in call'
  actionpack (4.1.6) lib/action_dispatch/journey/router.rb:59:in `each'
  actionpack (4.1.6) lib/action_dispatch/journey/router.rb:59:in `call'
  actionpack (4.1.6) lib/action_dispatch/routing/route_set.rb:678:in `call'
  rack (1.5.2) lib/rack/etag.rb:23:in `call'
  rack (1.5.2) lib/rack/conditionalget.rb:25:in `call'
  rack (1.5.2) lib/rack/head.rb:11:in `call'
  actionpack (4.1.6) lib/action_dispatch/middleware/params_parser.rb:27:in `call'
  actionpack (4.1.6) lib/action_dispatch/middleware/flash.rb:254:in `call'
  rack (1.5.2) lib/rack/session/abstract/id.rb:225:in `context'
  rack (1.5.2) lib/rack/session/abstract/id.rb:220:in `call'
  actionpack (4.1.6) lib/action_dispatch/middleware/cookies.rb:560:in `call'
  activerecord (4.1.6) lib/active_record/query_cache.rb:36:in `call'
  activerecord (4.1.6) lib/active_record/connection_adapters/abstract/connection_pool.rb:621:in `call'
  activerecord (4.1.6) lib/active_record/migration.rb:380:in `call'
  actionpack (4.1.6) lib/action_dispatch/middleware/callbacks.rb:29:in `block in call'
  activesupport (4.1.6) lib/active_support/callbacks.rb:82:in `run_callbacks'
  actionpack (4.1.6) lib/action_dispatch/middleware/callbacks.rb:27:in `call'
  actionpack (4.1.6) lib/action_dispatch/middleware/reloader.rb:73:in `call'
  actionpack (4.1.6) lib/action_dispatch/middleware/remote_ip.rb:76:in `call'
  web-console (2.0.0.beta3) lib/action_dispatch/debug_exceptions.rb:18:in `middleware_call'
  web-console (2.0.0.beta3) lib/action_dispatch/debug_exceptions.rb:13:in `call'
  actionpack (4.1.6) lib/action_dispatch/middleware/show_exceptions.rb:30:in `call'
  railties (4.1.6) lib/rails/rack/logger.rb:38:in `call_app'
  railties (4.1.6) lib/rails/rack/logger.rb:20:in `block in call'
  activesupport (4.1.6) lib/active_support/tagged_logging.rb:68:in `block in tagged'
  activesupport (4.1.6) lib/active_support/tagged_logging.rb:26:in `tagged'
  activesupport (4.1.6) lib/active_support/tagged_logging.rb:68:in `tagged'
  railties (4.1.6) lib/rails/rack/logger.rb:20:in `call'
  actionpack (4.1.6) lib/action_dispatch/middleware/request_id.rb:21:in `call'
  rack (1.5.2) lib/rack/methodoverride.rb:21:in `call'
  rack (1.5.2) lib/rack/runtime.rb:17:in `call'
  activesupport (4.1.6) lib/active_support/cache/strategy/local_cache_middleware.rb:26:in `call'
  rack (1.5.2) lib/rack/lock.rb:17:in `call'
  actionpack (4.1.6) lib/action_dispatch/middleware/static.rb:64:in `call'
  rack (1.5.2) lib/rack/sendfile.rb:112:in `call'
  railties (4.1.6) lib/rails/engine.rb:514:in `call'
  railties (4.1.6) lib/rails/application.rb:144:in `call'
  rack (1.5.2) lib/rack/lock.rb:17:in `call'
  rack (1.5.2) lib/rack/content_length.rb:14:in `call'
  rack (1.5.2) lib/rack/handler/webrick.rb:60:in `service'
  /Users/katemcfaul/.rbenv/versions/2.1.2/lib/ruby/2.1.0/webrick/httpserver.rb:138:in `service'
  /Users/katemcfaul/.rbenv/versions/2.1.2/lib/ruby/2.1.0/webrick/httpserver.rb:94:in `run'
  /Users/katemcfaul/.rbenv/versions/2.1.2/lib/ruby/2.1.0/webrick/server.rb:295:in `block in start_thread'


  Rendered /Users/katemcfaul/.rbenv/versions/2.1.2/lib/ruby/gems/2.1.0/gems/web-console-2.0.0.beta3/lib/action_dispatch/templates/rescues/_trace.html.erb (2.1ms)
  Rendered /Users/katemcfaul/.rbenv/versions/2.1.2/lib/ruby/gems/2.1.0/gems/web-console-2.0.0.beta3/lib/action_dispatch/templates/rescues/routing_error.html.erb within rescues/layout (21.5ms)


Started GET "/" for 127.0.0.1 at 2014-12-07 18:47:54 -0800

ActionController::RoutingError (uninitialized constant UserController):
  activesupport (4.1.6) lib/active_support/inflector/methods.rb:238:in `const_get'
  activesupport (4.1.6) lib/active_support/inflector/methods.rb:238:in `block in constantize'
  activesupport (4.1.6) lib/active_support/inflector/methods.rb:236:in `each'
  activesupport (4.1.6) lib/active_support/inflector/methods.rb:236:in `inject'
  activesupport (4.1.6) lib/active_support/inflector/methods.rb:236:in `constantize'
  actionpack (4.1.6) lib/action_dispatch/routing/route_set.rb:78:in `controller_reference'
  actionpack (4.1.6) lib/action_dispatch/routing/route_set.rb:68:in `controller'
  actionpack (4.1.6) lib/action_dispatch/routing/route_set.rb:46:in `call'
  actionpack (4.1.6) lib/action_dispatch/journey/router.rb:73:in `block in call'
  actionpack (4.1.6) lib/action_dispatch/journey/router.rb:59:in `each'
  actionpack (4.1.6) lib/action_dispatch/journey/router.rb:59:in `call'
  actionpack (4.1.6) lib/action_dispatch/routing/route_set.rb:678:in `call'
  rack (1.5.2) lib/rack/etag.rb:23:in `call'
  rack (1.5.2) lib/rack/conditionalget.rb:25:in `call'
  rack (1.5.2) lib/rack/head.rb:11:in `call'
  actionpack (4.1.6) lib/action_dispatch/middleware/params_parser.rb:27:in `call'
  actionpack (4.1.6) lib/action_dispatch/middleware/flash.rb:254:in `call'
  rack (1.5.2) lib/rack/session/abstract/id.rb:225:in `context'
  rack (1.5.2) lib/rack/session/abstract/id.rb:220:in `call'
  actionpack (4.1.6) lib/action_dispatch/middleware/cookies.rb:560:in `call'
  activerecord (4.1.6) lib/active_record/query_cache.rb:36:in `call'
  activerecord (4.1.6) lib/active_record/connection_adapters/abstract/connection_pool.rb:621:in `call'
  activerecord (4.1.6) lib/active_record/migration.rb:380:in `call'
  actionpack (4.1.6) lib/action_dispatch/middleware/callbacks.rb:29:in `block in call'
  activesupport (4.1.6) lib/active_support/callbacks.rb:82:in `run_callbacks'
  actionpack (4.1.6) lib/action_dispatch/middleware/callbacks.rb:27:in `call'
  actionpack (4.1.6) lib/action_dispatch/middleware/reloader.rb:73:in `call'
  actionpack (4.1.6) lib/action_dispatch/middleware/remote_ip.rb:76:in `call'
  web-console (2.0.0.beta3) lib/action_dispatch/debug_exceptions.rb:18:in `middleware_call'
  web-console (2.0.0.beta3) lib/action_dispatch/debug_exceptions.rb:13:in `call'
  actionpack (4.1.6) lib/action_dispatch/middleware/show_exceptions.rb:30:in `call'
  railties (4.1.6) lib/rails/rack/logger.rb:38:in `call_app'
  railties (4.1.6) lib/rails/rack/logger.rb:20:in `block in call'
  activesupport (4.1.6) lib/active_support/tagged_logging.rb:68:in `block in tagged'
  activesupport (4.1.6) lib/active_support/tagged_logging.rb:26:in `tagged'
  activesupport (4.1.6) lib/active_support/tagged_logging.rb:68:in `tagged'
  railties (4.1.6) lib/rails/rack/logger.rb:20:in `call'
  actionpack (4.1.6) lib/action_dispatch/middleware/request_id.rb:21:in `call'
  rack (1.5.2) lib/rack/methodoverride.rb:21:in `call'
  rack (1.5.2) lib/rack/runtime.rb:17:in `call'
  activesupport (4.1.6) lib/active_support/cache/strategy/local_cache_middleware.rb:26:in `call'
  rack (1.5.2) lib/rack/lock.rb:17:in `call'
  actionpack (4.1.6) lib/action_dispatch/middleware/static.rb:64:in `call'
  rack (1.5.2) lib/rack/sendfile.rb:112:in `call'
  railties (4.1.6) lib/rails/engine.rb:514:in `call'
  railties (4.1.6) lib/rails/application.rb:144:in `call'
  rack (1.5.2) lib/rack/lock.rb:17:in `call'
  rack (1.5.2) lib/rack/content_length.rb:14:in `call'
  rack (1.5.2) lib/rack/handler/webrick.rb:60:in `service'
  /Users/katemcfaul/.rbenv/versions/2.1.2/lib/ruby/2.1.0/webrick/httpserver.rb:138:in `service'
  /Users/katemcfaul/.rbenv/versions/2.1.2/lib/ruby/2.1.0/webrick/httpserver.rb:94:in `run'
  /Users/katemcfaul/.rbenv/versions/2.1.2/lib/ruby/2.1.0/webrick/server.rb:295:in `block in start_thread'


  Rendered /Users/katemcfaul/.rbenv/versions/2.1.2/lib/ruby/gems/2.1.0/gems/web-console-2.0.0.beta3/lib/action_dispatch/templates/rescues/_trace.html.erb (1.9ms)
  Rendered /Users/katemcfaul/.rbenv/versions/2.1.2/lib/ruby/gems/2.1.0/gems/web-console-2.0.0.beta3/lib/action_dispatch/templates/rescues/routing_error.html.erb within rescues/layout (18.0ms)


Started GET "/" for 127.0.0.1 at 2014-12-07 18:47:56 -0800

ActionController::RoutingError (uninitialized constant UserController):
  activesupport (4.1.6) lib/active_support/inflector/methods.rb:238:in `const_get'
  activesupport (4.1.6) lib/active_support/inflector/methods.rb:238:in `block in constantize'
  activesupport (4.1.6) lib/active_support/inflector/methods.rb:236:in `each'
  activesupport (4.1.6) lib/active_support/inflector/methods.rb:236:in `inject'
  activesupport (4.1.6) lib/active_support/inflector/methods.rb:236:in `constantize'
  actionpack (4.1.6) lib/action_dispatch/routing/route_set.rb:78:in `controller_reference'
  actionpack (4.1.6) lib/action_dispatch/routing/route_set.rb:68:in `controller'
  actionpack (4.1.6) lib/action_dispatch/routing/route_set.rb:46:in `call'
  actionpack (4.1.6) lib/action_dispatch/journey/router.rb:73:in `block in call'
  actionpack (4.1.6) lib/action_dispatch/journey/router.rb:59:in `each'
  actionpack (4.1.6) lib/action_dispatch/journey/router.rb:59:in `call'
  actionpack (4.1.6) lib/action_dispatch/routing/route_set.rb:678:in `call'
  rack (1.5.2) lib/rack/etag.rb:23:in `call'
  rack (1.5.2) lib/rack/conditionalget.rb:25:in `call'
  rack (1.5.2) lib/rack/head.rb:11:in `call'
  actionpack (4.1.6) lib/action_dispatch/middleware/params_parser.rb:27:in `call'
  actionpack (4.1.6) lib/action_dispatch/middleware/flash.rb:254:in `call'
  rack (1.5.2) lib/rack/session/abstract/id.rb:225:in `context'
  rack (1.5.2) lib/rack/session/abstract/id.rb:220:in `call'
  actionpack (4.1.6) lib/action_dispatch/middleware/cookies.rb:560:in `call'
  activerecord (4.1.6) lib/active_record/query_cache.rb:36:in `call'
  activerecord (4.1.6) lib/active_record/connection_adapters/abstract/connection_pool.rb:621:in `call'
  activerecord (4.1.6) lib/active_record/migration.rb:380:in `call'
  actionpack (4.1.6) lib/action_dispatch/middleware/callbacks.rb:29:in `block in call'
  activesupport (4.1.6) lib/active_support/callbacks.rb:82:in `run_callbacks'
  actionpack (4.1.6) lib/action_dispatch/middleware/callbacks.rb:27:in `call'
  actionpack (4.1.6) lib/action_dispatch/middleware/reloader.rb:73:in `call'
  actionpack (4.1.6) lib/action_dispatch/middleware/remote_ip.rb:76:in `call'
  web-console (2.0.0.beta3) lib/action_dispatch/debug_exceptions.rb:18:in `middleware_call'
  web-console (2.0.0.beta3) lib/action_dispatch/debug_exceptions.rb:13:in `call'
  actionpack (4.1.6) lib/action_dispatch/middleware/show_exceptions.rb:30:in `call'
  railties (4.1.6) lib/rails/rack/logger.rb:38:in `call_app'
  railties (4.1.6) lib/rails/rack/logger.rb:20:in `block in call'
  activesupport (4.1.6) lib/active_support/tagged_logging.rb:68:in `block in tagged'
  activesupport (4.1.6) lib/active_support/tagged_logging.rb:26:in `tagged'
  activesupport (4.1.6) lib/active_support/tagged_logging.rb:68:in `tagged'
  railties (4.1.6) lib/rails/rack/logger.rb:20:in `call'
  actionpack (4.1.6) lib/action_dispatch/middleware/request_id.rb:21:in `call'
  rack (1.5.2) lib/rack/methodoverride.rb:21:in `call'
  rack (1.5.2) lib/rack/runtime.rb:17:in `call'
  activesupport (4.1.6) lib/active_support/cache/strategy/local_cache_middleware.rb:26:in `call'
  rack (1.5.2) lib/rack/lock.rb:17:in `call'
  actionpack (4.1.6) lib/action_dispatch/middleware/static.rb:64:in `call'
  rack (1.5.2) lib/rack/sendfile.rb:112:in `call'
  railties (4.1.6) lib/rails/engine.rb:514:in `call'
  railties (4.1.6) lib/rails/application.rb:144:in `call'
  rack (1.5.2) lib/rack/lock.rb:17:in `call'
  rack (1.5.2) lib/rack/content_length.rb:14:in `call'
  rack (1.5.2) lib/rack/handler/webrick.rb:60:in `service'
  /Users/katemcfaul/.rbenv/versions/2.1.2/lib/ruby/2.1.0/webrick/httpserver.rb:138:in `service'
  /Users/katemcfaul/.rbenv/versions/2.1.2/lib/ruby/2.1.0/webrick/httpserver.rb:94:in `run'
  /Users/katemcfaul/.rbenv/versions/2.1.2/lib/ruby/2.1.0/webrick/server.rb:295:in `block in start_thread'


  Rendered /Users/katemcfaul/.rbenv/versions/2.1.2/lib/ruby/gems/2.1.0/gems/web-console-2.0.0.beta3/lib/action_dispatch/templates/rescues/_trace.html.erb (1.7ms)
  Rendered /Users/katemcfaul/.rbenv/versions/2.1.2/lib/ruby/gems/2.1.0/gems/web-console-2.0.0.beta3/lib/action_dispatch/templates/rescues/routing_error.html.erb within rescues/layout (15.9ms)


Started GET "/" for 127.0.0.1 at 2014-12-07 18:48:05 -0800
Processing by UsersController#index as HTML
  [1m[36mUser Load (0.3ms)[0m  [1mSELECT "users".* FROM "users"[0m
  Rendered users/index.html.erb within layouts/application (3.2ms)
Completed 200 OK in 56ms (Views: 54.2ms | ActiveRecord: 0.5ms)


Started GET "/assets/scaffolds.css?body=1" for 127.0.0.1 at 2014-12-07 18:48:06 -0800


Started GET "/assets/application.css?body=1" for 127.0.0.1 at 2014-12-07 18:48:06 -0800


Started GET "/assets/users.js?body=1" for 127.0.0.1 at 2014-12-07 18:48:06 -0800


Started GET "/assets/jquery_ujs.js?body=1" for 127.0.0.1 at 2014-12-07 18:48:06 -0800


Started GET "/assets/jquery.js?body=1" for 127.0.0.1 at 2014-12-07 18:48:06 -0800


Started GET "/assets/users.css?body=1" for 127.0.0.1 at 2014-12-07 18:48:06 -0800


Started GET "/assets/turbolinks.js?body=1" for 127.0.0.1 at 2014-12-07 18:48:06 -0800


Started GET "/assets/application.js?body=1" for 127.0.0.1 at 2014-12-07 18:48:06 -0800
  [1m[36mActiveRecord::SchemaMigration Load (0.1ms)[0m  [1mSELECT "schema_migrations".* FROM "schema_migrations"[0m
Migrating to CreateMicroposts (20141208025355)
  [1m[35m (0.0ms)[0m  begin transaction
  [1m[36m (0.3ms)[0m  [1mCREATE TABLE "microposts" ("id" INTEGER PRIMARY KEY AUTOINCREMENT NOT NULL, "content" text, "user_id" integer, "created_at" datetime, "updated_at" datetime) [0m
  [1m[35mSQL (0.1ms)[0m  INSERT INTO "schema_migrations" ("version") VALUES (?)  [["version", "20141208025355"]]
  [1m[36m (0.7ms)[0m  [1mcommit transaction[0m
  [1m[35mActiveRecord::SchemaMigration Load (0.1ms)[0m  SELECT "schema_migrations".* FROM "schema_migrations"


Started GET "/microposts" for 127.0.0.1 at 2014-12-07 18:55:24 -0800
  [1m[35mActiveRecord::SchemaMigration Load (0.1ms)[0m  SELECT "schema_migrations".* FROM "schema_migrations"
Processing by MicropostsController#index as HTML
  [1m[36mMicropost Load (0.1ms)[0m  [1mSELECT "microposts".* FROM "microposts"[0m
  Rendered microposts/index.html.erb within layouts/application (1.1ms)
Completed 200 OK in 228ms (Views: 226.2ms | ActiveRecord: 0.1ms)


Started GET "/assets/scaffolds.css?body=1" for 127.0.0.1 at 2014-12-07 18:55:24 -0800


Started GET "/assets/users.css?body=1" for 127.0.0.1 at 2014-12-07 18:55:24 -0800


Started GET "/assets/turbolinks.js?body=1" for 127.0.0.1 at 2014-12-07 18:55:24 -0800


Started GET "/assets/microposts.css?body=1" for 127.0.0.1 at 2014-12-07 18:55:24 -0800


Started GET "/assets/jquery_ujs.js?body=1" for 127.0.0.1 at 2014-12-07 18:55:24 -0800


Started GET "/assets/application.css?body=1" for 127.0.0.1 at 2014-12-07 18:55:24 -0800


Started GET "/assets/application.js?body=1" for 127.0.0.1 at 2014-12-07 18:55:24 -0800


Started GET "/assets/users.js?body=1" for 127.0.0.1 at 2014-12-07 18:55:24 -0800


Started GET "/assets/jquery.js?body=1" for 127.0.0.1 at 2014-12-07 18:55:24 -0800


Started GET "/assets/microposts.js?body=1" for 127.0.0.1 at 2014-12-07 18:55:24 -0800


Started GET "/microposts/new" for 127.0.0.1 at 2014-12-07 18:55:26 -0800
Processing by MicropostsController#new as HTML
  Rendered microposts/_form.html.erb (9.7ms)
  Rendered microposts/new.html.erb within layouts/application (11.4ms)
Completed 200 OK in 83ms (Views: 81.5ms | ActiveRecord: 0.3ms)


Started POST "/microposts" for 127.0.0.1 at 2014-12-07 18:55:43 -0800
Processing by MicropostsController#create as HTML
  Parameters: {"utf8"=>"✓", "authenticity_token"=>"jgZIOMjBrQZeJqbxF8blbHhMQW+KCbQX8YTfoUQjiwE=", "micropost"=>{"content"=>"First micro post!", "user_id"=>"1"}, "commit"=>"Create Micropost"}
  [1m[35m (0.1ms)[0m  begin transaction
  [1m[36mSQL (0.2ms)[0m  [1mINSERT INTO "microposts" ("content", "created_at", "updated_at", "user_id") VALUES (?, ?, ?, ?)[0m  [["content", "First micro post!"], ["created_at", "2014-12-08 02:55:43.187476"], ["updated_at", "2014-12-08 02:55:43.187476"], ["user_id", 1]]
  [1m[35m (0.9ms)[0m  commit transaction
Redirected to http://localhost:3000/microposts/1
Completed 302 Found in 4ms (ActiveRecord: 1.3ms)


Started GET "/microposts/1" for 127.0.0.1 at 2014-12-07 18:55:43 -0800
Processing by MicropostsController#show as HTML
  Parameters: {"id"=>"1"}
  [1m[36mMicropost Load (0.2ms)[0m  [1mSELECT  "microposts".* FROM "microposts"  WHERE "microposts"."id" = ? LIMIT 1[0m  [["id", 1]]
  Rendered microposts/show.html.erb within layouts/application (0.7ms)
Completed 200 OK in 73ms (Views: 71.9ms | ActiveRecord: 0.2ms)


Started GET "/assets/microposts.css?body=1" for 127.0.0.1 at 2014-12-07 18:55:43 -0800


Started GET "/assets/users.css?body=1" for 127.0.0.1 at 2014-12-07 18:55:43 -0800


Started GET "/assets/scaffolds.css?body=1" for 127.0.0.1 at 2014-12-07 18:55:43 -0800


Started GET "/assets/application.css?body=1" for 127.0.0.1 at 2014-12-07 18:55:43 -0800


Started GET "/assets/turbolinks.js?body=1" for 127.0.0.1 at 2014-12-07 18:55:43 -0800


Started GET "/assets/jquery.js?body=1" for 127.0.0.1 at 2014-12-07 18:55:43 -0800


Started GET "/assets/jquery_ujs.js?body=1" for 127.0.0.1 at 2014-12-07 18:55:43 -0800


Started GET "/assets/users.js?body=1" for 127.0.0.1 at 2014-12-07 18:55:43 -0800


Started GET "/assets/microposts.js?body=1" for 127.0.0.1 at 2014-12-07 18:55:43 -0800


Started GET "/assets/application.js?body=1" for 127.0.0.1 at 2014-12-07 18:55:43 -0800


Started GET "/microposts" for 127.0.0.1 at 2014-12-07 18:55:57 -0800
Processing by MicropostsController#index as HTML
  [1m[35mMicropost Load (0.1ms)[0m  SELECT "microposts".* FROM "microposts"
  Rendered microposts/index.html.erb within layouts/application (1.5ms)
Completed 200 OK in 62ms (Views: 61.6ms | ActiveRecord: 0.1ms)


Started GET "/microposts/new" for 127.0.0.1 at 2014-12-07 18:55:58 -0800
Processing by MicropostsController#new as HTML
  Rendered microposts/_form.html.erb (1.4ms)
  Rendered microposts/new.html.erb within layouts/application (2.5ms)
Completed 200 OK in 66ms (Views: 65.1ms | ActiveRecord: 0.0ms)


Started POST "/microposts" for 127.0.0.1 at 2014-12-07 18:56:05 -0800
Processing by MicropostsController#create as HTML
  Parameters: {"utf8"=>"✓", "authenticity_token"=>"jgZIOMjBrQZeJqbxF8blbHhMQW+KCbQX8YTfoUQjiwE=", "micropost"=>{"content"=>"Second micropost...", "user_id"=>"1"}, "commit"=>"Create Micropost"}
  [1m[36m (0.1ms)[0m  [1mbegin transaction[0m
  [1m[35mSQL (0.2ms)[0m  INSERT INTO "microposts" ("content", "created_at", "updated_at", "user_id") VALUES (?, ?, ?, ?)  [["content", "Second micropost..."], ["created_at", "2014-12-08 02:56:05.601800"], ["updated_at", "2014-12-08 02:56:05.601800"], ["user_id", 1]]
  [1m[36m (1.2ms)[0m  [1mcommit transaction[0m
Redirected to http://localhost:3000/microposts/2
Completed 302 Found in 3ms (ActiveRecord: 1.5ms)


Started GET "/microposts/2" for 127.0.0.1 at 2014-12-07 18:56:05 -0800
Processing by MicropostsController#show as HTML
  Parameters: {"id"=>"2"}
  [1m[35mMicropost Load (0.1ms)[0m  SELECT  "microposts".* FROM "microposts"  WHERE "microposts"."id" = ? LIMIT 1  [["id", 2]]
  Rendered microposts/show.html.erb within layouts/application (0.3ms)
Completed 200 OK in 67ms (Views: 66.0ms | ActiveRecord: 0.1ms)


Started GET "/assets/microposts.css?body=1" for 127.0.0.1 at 2014-12-07 18:56:05 -0800


Started GET "/assets/jquery.js?body=1" for 127.0.0.1 at 2014-12-07 18:56:05 -0800


Started GET "/assets/jquery_ujs.js?body=1" for 127.0.0.1 at 2014-12-07 18:56:05 -0800


Started GET "/assets/scaffolds.css?body=1" for 127.0.0.1 at 2014-12-07 18:56:05 -0800


Started GET "/assets/application.css?body=1" for 127.0.0.1 at 2014-12-07 18:56:05 -0800


Started GET "/assets/users.css?body=1" for 127.0.0.1 at 2014-12-07 18:56:05 -0800


Started GET "/assets/turbolinks.js?body=1" for 127.0.0.1 at 2014-12-07 18:56:05 -0800


Started GET "/assets/users.js?body=1" for 127.0.0.1 at 2014-12-07 18:56:05 -0800


Started GET "/assets/microposts.js?body=1" for 127.0.0.1 at 2014-12-07 18:56:05 -0800


Started GET "/assets/application.js?body=1" for 127.0.0.1 at 2014-12-07 18:56:05 -0800


Started GET "/microposts" for 127.0.0.1 at 2014-12-07 18:56:08 -0800
Processing by MicropostsController#index as HTML
  [1m[36mMicropost Load (0.1ms)[0m  [1mSELECT "microposts".* FROM "microposts"[0m
  Rendered microposts/index.html.erb within layouts/application (1.1ms)
Completed 200 OK in 67ms (Views: 66.1ms | ActiveRecord: 0.1ms)


Started GET "/microposts/new" for 127.0.0.1 at 2014-12-07 18:56:09 -0800
Processing by MicropostsController#new as HTML
  Rendered microposts/_form.html.erb (1.3ms)
  Rendered microposts/new.html.erb within layouts/application (2.4ms)
Completed 200 OK in 60ms (Views: 59.6ms | ActiveRecord: 0.0ms)


Started POST "/microposts" for 127.0.0.1 at 2014-12-07 18:56:21 -0800
Processing by MicropostsController#create as HTML
  Parameters: {"utf8"=>"✓", "authenticity_token"=>"jgZIOMjBrQZeJqbxF8blbHhMQW+KCbQX8YTfoUQjiwE=", "micropost"=>{"content"=>"Second user's first micro post!", "user_id"=>"2"}, "commit"=>"Create Micropost"}
  [1m[35m (0.1ms)[0m  begin transaction
  [1m[36mSQL (0.2ms)[0m  [1mINSERT INTO "microposts" ("content", "created_at", "updated_at", "user_id") VALUES (?, ?, ?, ?)[0m  [["content", "Second user's first micro post!"], ["created_at", "2014-12-08 02:56:21.817234"], ["updated_at", "2014-12-08 02:56:21.817234"], ["user_id", 2]]
  [1m[35m (1.1ms)[0m  commit transaction
Redirected to http://localhost:3000/microposts/3
Completed 302 Found in 3ms (ActiveRecord: 1.4ms)


Started GET "/microposts/3" for 127.0.0.1 at 2014-12-07 18:56:21 -0800
Processing by MicropostsController#show as HTML
  Parameters: {"id"=>"3"}
  [1m[36mMicropost Load (0.1ms)[0m  [1mSELECT  "microposts".* FROM "microposts"  WHERE "microposts"."id" = ? LIMIT 1[0m  [["id", 3]]
  Rendered microposts/show.html.erb within layouts/application (0.4ms)
Completed 200 OK in 66ms (Views: 64.9ms | ActiveRecord: 0.1ms)


Started GET "/assets/microposts.css?body=1" for 127.0.0.1 at 2014-12-07 18:56:21 -0800


Started GET "/assets/jquery_ujs.js?body=1" for 127.0.0.1 at 2014-12-07 18:56:21 -0800


Started GET "/assets/turbolinks.js?body=1" for 127.0.0.1 at 2014-12-07 18:56:21 -0800


Started GET "/assets/scaffolds.css?body=1" for 127.0.0.1 at 2014-12-07 18:56:21 -0800


Started GET "/assets/jquery.js?body=1" for 127.0.0.1 at 2014-12-07 18:56:21 -0800


Started GET "/assets/users.css?body=1" for 127.0.0.1 at 2014-12-07 18:56:21 -0800


Started GET "/assets/application.css?body=1" for 127.0.0.1 at 2014-12-07 18:56:21 -0800


Started GET "/assets/users.js?body=1" for 127.0.0.1 at 2014-12-07 18:56:21 -0800


Started GET "/assets/microposts.js?body=1" for 127.0.0.1 at 2014-12-07 18:56:21 -0800


Started GET "/assets/application.js?body=1" for 127.0.0.1 at 2014-12-07 18:56:21 -0800


Started GET "/microposts" for 127.0.0.1 at 2014-12-07 18:56:23 -0800
Processing by MicropostsController#index as HTML
  [1m[35mMicropost Load (0.1ms)[0m  SELECT "microposts".* FROM "microposts"
  Rendered microposts/index.html.erb within layouts/application (1.5ms)
Completed 200 OK in 60ms (Views: 59.0ms | ActiveRecord: 0.1ms)


Started GET "/microposts" for 127.0.0.1 at 2014-12-07 18:56:26 -0800
Processing by MicropostsController#index as HTML
  [1m[36mMicropost Load (0.1ms)[0m  [1mSELECT "microposts".* FROM "microposts"[0m
  Rendered microposts/index.html.erb within layouts/application (1.3ms)
Completed 200 OK in 68ms (Views: 67.0ms | ActiveRecord: 0.1ms)


Started GET "/assets/microposts.css?body=1" for 127.0.0.1 at 2014-12-07 18:56:26 -0800


Started GET "/assets/users.css?body=1" for 127.0.0.1 at 2014-12-07 18:56:26 -0800


Started GET "/assets/microposts.js?body=1" for 127.0.0.1 at 2014-12-07 18:56:26 -0800


Started GET "/assets/jquery_ujs.js?body=1" for 127.0.0.1 at 2014-12-07 18:56:26 -0800


Started GET "/assets/application.css?body=1" for 127.0.0.1 at 2014-12-07 18:56:26 -0800


Started GET "/assets/users.js?body=1" for 127.0.0.1 at 2014-12-07 18:56:26 -0800


Started GET "/assets/application.js?body=1" for 127.0.0.1 at 2014-12-07 18:56:26 -0800


Started GET "/assets/scaffolds.css?body=1" for 127.0.0.1 at 2014-12-07 18:56:26 -0800


Started GET "/assets/turbolinks.js?body=1" for 127.0.0.1 at 2014-12-07 18:56:26 -0800


Started GET "/assets/jquery.js?body=1" for 127.0.0.1 at 2014-12-07 18:56:26 -0800


Started GET "/" for 127.0.0.1 at 2014-12-07 18:56:27 -0800
Processing by UsersController#index as HTML
  [1m[35mUser Load (0.1ms)[0m  SELECT "users".* FROM "users"
  Rendered users/index.html.erb within layouts/application (8.2ms)
Completed 200 OK in 67ms (Views: 65.5ms | ActiveRecord: 0.4ms)


Started GET "/assets/microposts.css?body=1" for 127.0.0.1 at 2014-12-07 18:56:27 -0800


Started GET "/assets/scaffolds.css?body=1" for 127.0.0.1 at 2014-12-07 18:56:27 -0800


Started GET "/assets/users.css?body=1" for 127.0.0.1 at 2014-12-07 18:56:27 -0800


Started GET "/assets/application.css?body=1" for 127.0.0.1 at 2014-12-07 18:56:27 -0800


Started GET "/assets/jquery_ujs.js?body=1" for 127.0.0.1 at 2014-12-07 18:56:27 -0800


Started GET "/assets/turbolinks.js?body=1" for 127.0.0.1 at 2014-12-07 18:56:27 -0800


Started GET "/assets/microposts.js?body=1" for 127.0.0.1 at 2014-12-07 18:56:27 -0800


Started GET "/assets/users.js?body=1" for 127.0.0.1 at 2014-12-07 18:56:27 -0800


Started GET "/assets/jquery.js?body=1" for 127.0.0.1 at 2014-12-07 18:56:27 -0800


Started GET "/assets/application.js?body=1" for 127.0.0.1 at 2014-12-07 18:56:27 -0800


Started GET "/users" for 127.0.0.1 at 2014-12-07 18:56:28 -0800
Processing by UsersController#index as HTML
  [1m[36mUser Load (0.1ms)[0m  [1mSELECT "users".* FROM "users"[0m
  Rendered users/index.html.erb within layouts/application (0.8ms)
Completed 200 OK in 66ms (Views: 64.7ms | ActiveRecord: 0.1ms)


Started GET "/assets/scaffolds.css?body=1" for 127.0.0.1 at 2014-12-07 18:56:28 -0800


Started GET "/assets/microposts.css?body=1" for 127.0.0.1 at 2014-12-07 18:56:28 -0800


Started GET "/assets/users.css?body=1" for 127.0.0.1 at 2014-12-07 18:56:28 -0800


Started GET "/assets/turbolinks.js?body=1" for 127.0.0.1 at 2014-12-07 18:56:28 -0800


Started GET "/assets/application.css?body=1" for 127.0.0.1 at 2014-12-07 18:56:28 -0800


Started GET "/assets/jquery_ujs.js?body=1" for 127.0.0.1 at 2014-12-07 18:56:28 -0800


Started GET "/assets/microposts.js?body=1" for 127.0.0.1 at 2014-12-07 18:56:28 -0800


Started GET "/assets/application.js?body=1" for 127.0.0.1 at 2014-12-07 18:56:28 -0800


Started GET "/assets/jquery.js?body=1" for 127.0.0.1 at 2014-12-07 18:56:28 -0800


Started GET "/assets/users.js?body=1" for 127.0.0.1 at 2014-12-07 18:56:28 -0800


Started GET "/users/new" for 127.0.0.1 at 2014-12-07 18:56:30 -0800
Processing by UsersController#new as HTML
  Rendered users/_form.html.erb (5.9ms)
  Rendered users/new.html.erb within layouts/application (7.0ms)
Completed 200 OK in 65ms (Views: 64.4ms | ActiveRecord: 0.0ms)


Started POST "/users" for 127.0.0.1 at 2014-12-07 18:56:39 -0800
Processing by UsersController#create as HTML
  Parameters: {"utf8"=>"✓", "authenticity_token"=>"jgZIOMjBrQZeJqbxF8blbHhMQW+KCbQX8YTfoUQjiwE=", "user"=>{"name"=>"Second User", "email"=>"second@example.com"}, "commit"=>"Create User"}
  [1m[35m (0.1ms)[0m  begin transaction
  [1m[36mSQL (0.2ms)[0m  [1mINSERT INTO "users" ("created_at", "email", "name", "updated_at") VALUES (?, ?, ?, ?)[0m  [["created_at", "2014-12-08 02:56:39.595722"], ["email", "second@example.com"], ["name", "Second User"], ["updated_at", "2014-12-08 02:56:39.595722"]]
  [1m[35m (1.2ms)[0m  commit transaction
Redirected to http://localhost:3000/users/3
Completed 302 Found in 4ms (ActiveRecord: 1.5ms)


Started GET "/users/3" for 127.0.0.1 at 2014-12-07 18:56:39 -0800
Processing by UsersController#show as HTML
  Parameters: {"id"=>"3"}
  [1m[36mUser Load (0.2ms)[0m  [1mSELECT  "users".* FROM "users"  WHERE "users"."id" = ? LIMIT 1[0m  [["id", 3]]
  Rendered users/show.html.erb within layouts/application (0.3ms)
Completed 200 OK in 63ms (Views: 61.7ms | ActiveRecord: 0.1ms)


Started GET "/assets/microposts.css?body=1" for 127.0.0.1 at 2014-12-07 18:56:39 -0800


Started GET "/assets/users.css?body=1" for 127.0.0.1 at 2014-12-07 18:56:39 -0800


Started GET "/assets/scaffolds.css?body=1" for 127.0.0.1 at 2014-12-07 18:56:39 -0800


Started GET "/assets/application.css?body=1" for 127.0.0.1 at 2014-12-07 18:56:39 -0800


Started GET "/assets/jquery_ujs.js?body=1" for 127.0.0.1 at 2014-12-07 18:56:39 -0800


Started GET "/assets/turbolinks.js?body=1" for 127.0.0.1 at 2014-12-07 18:56:39 -0800


Started GET "/assets/jquery.js?body=1" for 127.0.0.1 at 2014-12-07 18:56:39 -0800


Started GET "/assets/users.js?body=1" for 127.0.0.1 at 2014-12-07 18:56:39 -0800


Started GET "/assets/microposts.js?body=1" for 127.0.0.1 at 2014-12-07 18:56:39 -0800


Started GET "/assets/application.js?body=1" for 127.0.0.1 at 2014-12-07 18:56:39 -0800
  [1m[36mUser Load (0.1ms)[0m  [1mSELECT  "users".* FROM "users"   ORDER BY "users"."id" ASC LIMIT 1[0m
  [1m[35mUser Load (0.2ms)[0m  SELECT "users".* FROM "users"


Started GET "/users" for 127.0.0.1 at 2014-12-07 18:59:49 -0800
Processing by UsersController#index as HTML
  [1m[35mUser Load (0.3ms)[0m  SELECT "users".* FROM "users"
  Rendered users/index.html.erb within layouts/application (4.1ms)
Completed 200 OK in 63ms (Views: 59.0ms | ActiveRecord: 0.6ms)


Started GET "/users" for 127.0.0.1 at 2014-12-07 18:59:53 -0800
Processing by UsersController#index as HTML
  [1m[36mUser Load (0.1ms)[0m  [1mSELECT "users".* FROM "users"[0m
  Rendered users/index.html.erb within layouts/application (1.2ms)
Completed 200 OK in 63ms (Views: 61.9ms | ActiveRecord: 0.1ms)


Started GET "/assets/microposts.css?body=1" for 127.0.0.1 at 2014-12-07 18:59:53 -0800


Started GET "/assets/jquery_ujs.js?body=1" for 127.0.0.1 at 2014-12-07 18:59:53 -0800


Started GET "/assets/users.css?body=1" for 127.0.0.1 at 2014-12-07 18:59:53 -0800


Started GET "/assets/scaffolds.css?body=1" for 127.0.0.1 at 2014-12-07 18:59:53 -0800


Started GET "/assets/turbolinks.js?body=1" for 127.0.0.1 at 2014-12-07 18:59:53 -0800


Started GET "/assets/microposts.js?body=1" for 127.0.0.1 at 2014-12-07 18:59:53 -0800


Started GET "/assets/application.css?body=1" for 127.0.0.1 at 2014-12-07 18:59:53 -0800


Started GET "/assets/users.js?body=1" for 127.0.0.1 at 2014-12-07 18:59:53 -0800


Started GET "/assets/jquery.js?body=1" for 127.0.0.1 at 2014-12-07 18:59:53 -0800


Started GET "/assets/application.js?body=1" for 127.0.0.1 at 2014-12-07 18:59:53 -0800


Started GET "/" for 127.0.0.1 at 2014-12-07 18:59:54 -0800
Processing by UsersController#index as HTML
  [1m[35mUser Load (0.1ms)[0m  SELECT "users".* FROM "users"
  Rendered users/index.html.erb within layouts/application (1.1ms)
Completed 200 OK in 60ms (Views: 59.4ms | ActiveRecord: 0.1ms)


Started GET "/assets/microposts.css?body=1" for 127.0.0.1 at 2014-12-07 18:59:54 -0800


Started GET "/assets/application.css?body=1" for 127.0.0.1 at 2014-12-07 18:59:54 -0800


Started GET "/assets/jquery_ujs.js?body=1" for 127.0.0.1 at 2014-12-07 18:59:54 -0800


Started GET "/assets/scaffolds.css?body=1" for 127.0.0.1 at 2014-12-07 18:59:54 -0800


Started GET "/assets/users.css?body=1" for 127.0.0.1 at 2014-12-07 18:59:54 -0800


Started GET "/assets/microposts.js?body=1" for 127.0.0.1 at 2014-12-07 18:59:54 -0800


Started GET "/assets/turbolinks.js?body=1" for 127.0.0.1 at 2014-12-07 18:59:54 -0800


Started GET "/assets/users.js?body=1" for 127.0.0.1 at 2014-12-07 18:59:54 -0800


Started GET "/assets/jquery.js?body=1" for 127.0.0.1 at 2014-12-07 18:59:54 -0800


Started GET "/assets/application.js?body=1" for 127.0.0.1 at 2014-12-07 18:59:54 -0800


Started GET "/microposts" for 127.0.0.1 at 2014-12-07 18:59:54 -0800
Processing by MicropostsController#index as HTML
  [1m[36mMicropost Load (0.1ms)[0m  [1mSELECT "microposts".* FROM "microposts"[0m
  Rendered microposts/index.html.erb within layouts/application (4.3ms)
Completed 200 OK in 69ms (Views: 63.9ms | ActiveRecord: 0.4ms)


Started GET "/assets/microposts.css?body=1" for 127.0.0.1 at 2014-12-07 18:59:54 -0800


Started GET "/assets/users.css?body=1" for 127.0.0.1 at 2014-12-07 18:59:54 -0800


Started GET "/assets/jquery_ujs.js?body=1" for 127.0.0.1 at 2014-12-07 18:59:54 -0800


Started GET "/assets/scaffolds.css?body=1" for 127.0.0.1 at 2014-12-07 18:59:54 -0800


Started GET "/assets/application.css?body=1" for 127.0.0.1 at 2014-12-07 18:59:54 -0800


Started GET "/assets/turbolinks.js?body=1" for 127.0.0.1 at 2014-12-07 18:59:54 -0800


Started GET "/assets/microposts.js?body=1" for 127.0.0.1 at 2014-12-07 18:59:54 -0800


Started GET "/assets/application.js?body=1" for 127.0.0.1 at 2014-12-07 18:59:54 -0800


Started GET "/assets/users.js?body=1" for 127.0.0.1 at 2014-12-07 18:59:54 -0800


Started GET "/assets/jquery.js?body=1" for 127.0.0.1 at 2014-12-07 18:59:54 -0800


Started GET "/microposts/3/edit" for 127.0.0.1 at 2014-12-07 18:59:57 -0800
Processing by MicropostsController#edit as HTML
  Parameters: {"id"=>"3"}
  [1m[35mMicropost Load (0.1ms)[0m  SELECT  "microposts".* FROM "microposts"  WHERE "microposts"."id" = ? LIMIT 1  [["id", 3]]
  Rendered microposts/_form.html.erb (1.6ms)
  Rendered microposts/edit.html.erb within layouts/application (3.0ms)
Completed 200 OK in 59ms (Views: 57.6ms | ActiveRecord: 0.1ms)


Started PATCH "/microposts/3" for 127.0.0.1 at 2014-12-07 19:00:00 -0800
Processing by MicropostsController#update as HTML
  Parameters: {"utf8"=>"✓", "authenticity_token"=>"jgZIOMjBrQZeJqbxF8blbHhMQW+KCbQX8YTfoUQjiwE=", "micropost"=>{"content"=>"Second user's first micro post!", "user_id"=>"3"}, "commit"=>"Update Micropost", "id"=>"3"}
  [1m[36mMicropost Load (0.1ms)[0m  [1mSELECT  "microposts".* FROM "microposts"  WHERE "microposts"."id" = ? LIMIT 1[0m  [["id", 3]]
  [1m[35m (0.0ms)[0m  begin transaction
  [1m[36mSQL (0.2ms)[0m  [1mUPDATE "microposts" SET "updated_at" = ?, "user_id" = ? WHERE "microposts"."id" = 3[0m  [["updated_at", "2014-12-08 03:00:00.454730"], ["user_id", 3]]
  [1m[35m (0.9ms)[0m  commit transaction
Redirected to http://localhost:3000/microposts/3
Completed 302 Found in 4ms (ActiveRecord: 1.2ms)


Started GET "/microposts/3" for 127.0.0.1 at 2014-12-07 19:00:00 -0800
Processing by MicropostsController#show as HTML
  Parameters: {"id"=>"3"}
  [1m[36mMicropost Load (0.1ms)[0m  [1mSELECT  "microposts".* FROM "microposts"  WHERE "microposts"."id" = ? LIMIT 1[0m  [["id", 3]]
  Rendered microposts/show.html.erb within layouts/application (0.3ms)
Completed 200 OK in 67ms (Views: 65.5ms | ActiveRecord: 0.1ms)


Started GET "/assets/microposts.css?body=1" for 127.0.0.1 at 2014-12-07 19:00:00 -0800


Started GET "/assets/application.css?body=1" for 127.0.0.1 at 2014-12-07 19:00:00 -0800


Started GET "/assets/scaffolds.css?body=1" for 127.0.0.1 at 2014-12-07 19:00:00 -0800


Started GET "/assets/users.css?body=1" for 127.0.0.1 at 2014-12-07 19:00:00 -0800


Started GET "/assets/turbolinks.js?body=1" for 127.0.0.1 at 2014-12-07 19:00:00 -0800


Started GET "/assets/jquery.js?body=1" for 127.0.0.1 at 2014-12-07 19:00:00 -0800


Started GET "/assets/jquery_ujs.js?body=1" for 127.0.0.1 at 2014-12-07 19:00:00 -0800


Started GET "/assets/users.js?body=1" for 127.0.0.1 at 2014-12-07 19:00:00 -0800


Started GET "/assets/microposts.js?body=1" for 127.0.0.1 at 2014-12-07 19:00:00 -0800


Started GET "/assets/application.js?body=1" for 127.0.0.1 at 2014-12-07 19:00:00 -0800


Started GET "/microposts" for 127.0.0.1 at 2014-12-07 19:00:01 -0800
Processing by MicropostsController#index as HTML
  [1m[35mMicropost Load (0.1ms)[0m  SELECT "microposts".* FROM "microposts"
  Rendered microposts/index.html.erb within layouts/application (1.4ms)
Completed 200 OK in 56ms (Views: 54.9ms | ActiveRecord: 0.1ms)
  [1m[36mUser Load (0.2ms)[0m  [1mSELECT  "users".* FROM "users"   ORDER BY "users"."id" ASC LIMIT 1[0m
  [1m[35mMicropost Load (0.2ms)[0m  SELECT "microposts".* FROM "microposts"  WHERE "microposts"."user_id" = ?  [["user_id", 1]]
  [1m[36mUser Load (0.2ms)[0m  [1mSELECT  "users".* FROM "users"   ORDER BY "users"."id" DESC LIMIT 1[0m
  [1m[35mMicropost Load (0.2ms)[0m  SELECT "microposts".* FROM "microposts"  WHERE "microposts"."user_id" = ?  [["user_id", 3]]


Started GET "/microposts" for 127.0.0.1 at 2014-12-07 19:04:34 -0800
Processing by MicropostsController#index as HTML
  [1m[36mMicropost Load (0.3ms)[0m  [1mSELECT "microposts".* FROM "microposts"[0m
  Rendered microposts/index.html.erb within layouts/application (6.1ms)
Completed 200 OK in 72ms (Views: 69.3ms | ActiveRecord: 0.5ms)


Started GET "/assets/microposts.css?body=1" for 127.0.0.1 at 2014-12-07 19:04:34 -0800


Started GET "/assets/scaffolds.css?body=1" for 127.0.0.1 at 2014-12-07 19:04:34 -0800


Started GET "/assets/jquery.js?body=1" for 127.0.0.1 at 2014-12-07 19:04:34 -0800


Started GET "/assets/turbolinks.js?body=1" for 127.0.0.1 at 2014-12-07 19:04:34 -0800


Started GET "/assets/users.js?body=1" for 127.0.0.1 at 2014-12-07 19:04:34 -0800


Started GET "/assets/users.css?body=1" for 127.0.0.1 at 2014-12-07 19:04:34 -0800


Started GET "/assets/application.css?body=1" for 127.0.0.1 at 2014-12-07 19:04:34 -0800


Started GET "/assets/microposts.js?body=1" for 127.0.0.1 at 2014-12-07 19:04:34 -0800


Started GET "/assets/jquery_ujs.js?body=1" for 127.0.0.1 at 2014-12-07 19:04:34 -0800


Started GET "/assets/application.js?body=1" for 127.0.0.1 at 2014-12-07 19:04:34 -0800


Started GET "/microposts/new" for 127.0.0.1 at 2014-12-07 19:04:35 -0800
Processing by MicropostsController#new as HTML
  Rendered microposts/_form.html.erb (1.4ms)
  Rendered microposts/new.html.erb within layouts/application (2.3ms)
Completed 200 OK in 57ms (Views: 56.1ms | ActiveRecord: 0.0ms)


Started POST "/microposts" for 127.0.0.1 at 2014-12-07 19:04:37 -0800
Processing by MicropostsController#create as HTML
  Parameters: {"utf8"=>"✓", "authenticity_token"=>"jgZIOMjBrQZeJqbxF8blbHhMQW+KCbQX8YTfoUQjiwE=", "micropost"=>{"content"=>"", "user_id"=>"1"}, "commit"=>"Create Micropost"}
  [1m[35m (0.1ms)[0m  begin transaction
  [1m[36m (0.0ms)[0m  [1mrollback transaction[0m
  Rendered microposts/_form.html.erb (2.4ms)
  Rendered microposts/new.html.erb within layouts/application (3.6ms)
Completed 200 OK in 76ms (Views: 73.4ms | ActiveRecord: 0.1ms)


Started GET "/assets/microposts.css?body=1" for 127.0.0.1 at 2014-12-07 19:04:38 -0800


Started GET "/assets/scaffolds.css?body=1" for 127.0.0.1 at 2014-12-07 19:04:38 -0800


Started GET "/assets/jquery.js?body=1" for 127.0.0.1 at 2014-12-07 19:04:38 -0800


Started GET "/assets/application.css?body=1" for 127.0.0.1 at 2014-12-07 19:04:38 -0800


Started GET "/assets/jquery_ujs.js?body=1" for 127.0.0.1 at 2014-12-07 19:04:38 -0800


Started GET "/assets/users.css?body=1" for 127.0.0.1 at 2014-12-07 19:04:38 -0800


Started GET "/assets/turbolinks.js?body=1" for 127.0.0.1 at 2014-12-07 19:04:38 -0800


Started GET "/assets/users.js?body=1" for 127.0.0.1 at 2014-12-07 19:04:38 -0800


Started GET "/assets/microposts.js?body=1" for 127.0.0.1 at 2014-12-07 19:04:38 -0800


Started GET "/assets/application.js?body=1" for 127.0.0.1 at 2014-12-07 19:04:38 -0800


Started GET "/microposts" for 127.0.0.1 at 2014-12-07 19:04:41 -0800
Processing by MicropostsController#index as HTML
  [1m[35mMicropost Load (0.1ms)[0m  SELECT "microposts".* FROM "microposts"
  Rendered microposts/index.html.erb within layouts/application (1.4ms)
Completed 200 OK in 65ms (Views: 63.9ms | ActiveRecord: 0.1ms)


Started GET "/assets/microposts.css?body=1" for 127.0.0.1 at 2014-12-07 19:04:41 -0800


Started GET "/assets/jquery_ujs.js?body=1" for 127.0.0.1 at 2014-12-07 19:04:41 -0800


Started GET "/assets/application.css?body=1" for 127.0.0.1 at 2014-12-07 19:04:41 -0800


Started GET "/assets/users.css?body=1" for 127.0.0.1 at 2014-12-07 19:04:41 -0800


Started GET "/assets/jquery.js?body=1" for 127.0.0.1 at 2014-12-07 19:04:41 -0800


Started GET "/assets/scaffolds.css?body=1" for 127.0.0.1 at 2014-12-07 19:04:41 -0800


Started GET "/assets/turbolinks.js?body=1" for 127.0.0.1 at 2014-12-07 19:04:41 -0800


Started GET "/assets/users.js?body=1" for 127.0.0.1 at 2014-12-07 19:04:41 -0800


Started GET "/assets/microposts.js?body=1" for 127.0.0.1 at 2014-12-07 19:04:41 -0800


Started GET "/assets/application.js?body=1" for 127.0.0.1 at 2014-12-07 19:04:41 -0800


Started GET "/microposts" for 127.0.0.1 at 2014-12-07 19:05:49 -0800
Processing by MicropostsController#index as HTML
  [1m[36mMicropost Load (0.3ms)[0m  [1mSELECT "microposts".* FROM "microposts"[0m
  Rendered microposts/index.html.erb within layouts/application (4.2ms)
Completed 200 OK in 73ms (Views: 70.5ms | ActiveRecord: 0.5ms)


Started GET "/assets/microposts.css?body=1" for 127.0.0.1 at 2014-12-07 19:05:49 -0800


Started GET "/assets/microposts.js?body=1" for 127.0.0.1 at 2014-12-07 19:05:49 -0800


Started GET "/assets/users.css?body=1" for 127.0.0.1 at 2014-12-07 19:05:49 -0800


Started GET "/assets/scaffolds.css?body=1" for 127.0.0.1 at 2014-12-07 19:05:49 -0800


Started GET "/assets/application.css?body=1" for 127.0.0.1 at 2014-12-07 19:05:49 -0800


Started GET "/assets/turbolinks.js?body=1" for 127.0.0.1 at 2014-12-07 19:05:49 -0800


Started GET "/assets/jquery_ujs.js?body=1" for 127.0.0.1 at 2014-12-07 19:05:49 -0800


Started GET "/assets/users.js?body=1" for 127.0.0.1 at 2014-12-07 19:05:49 -0800


Started GET "/assets/jquery.js?body=1" for 127.0.0.1 at 2014-12-07 19:05:49 -0800


Started GET "/assets/application.js?body=1" for 127.0.0.1 at 2014-12-07 19:05:49 -0800


Started GET "/" for 127.0.0.1 at 2014-12-07 19:05:50 -0800
Processing by UsersController#index as HTML
  [1m[35mUser Load (0.1ms)[0m  SELECT "users".* FROM "users"
  Rendered users/index.html.erb within layouts/application (3.8ms)
Completed 200 OK in 65ms (Views: 61.7ms | ActiveRecord: 0.4ms)


Started GET "/assets/microposts.css?body=1" for 127.0.0.1 at 2014-12-07 19:05:50 -0800


Started GET "/assets/users.css?body=1" for 127.0.0.1 at 2014-12-07 19:05:50 -0800


Started GET "/assets/scaffolds.css?body=1" for 127.0.0.1 at 2014-12-07 19:05:50 -0800


Started GET "/assets/application.css?body=1" for 127.0.0.1 at 2014-12-07 19:05:50 -0800


Started GET "/assets/microposts.js?body=1" for 127.0.0.1 at 2014-12-07 19:05:50 -0800


Started GET "/assets/jquery_ujs.js?body=1" for 127.0.0.1 at 2014-12-07 19:05:50 -0800


Started GET "/assets/turbolinks.js?body=1" for 127.0.0.1 at 2014-12-07 19:05:50 -0800


Started GET "/assets/users.js?body=1" for 127.0.0.1 at 2014-12-07 19:05:50 -0800


Started GET "/assets/application.js?body=1" for 127.0.0.1 at 2014-12-07 19:05:50 -0800


Started GET "/assets/jquery.js?body=1" for 127.0.0.1 at 2014-12-07 19:05:50 -0800


Started GET "/users" for 127.0.0.1 at 2014-12-07 19:05:51 -0800
Processing by UsersController#index as HTML
  [1m[36mUser Load (0.1ms)[0m  [1mSELECT "users".* FROM "users"[0m
  Rendered users/index.html.erb within layouts/application (1.2ms)
Completed 200 OK in 65ms (Views: 64.5ms | ActiveRecord: 0.1ms)


Started GET "/assets/microposts.css?body=1" for 127.0.0.1 at 2014-12-07 19:05:51 -0800


Started GET "/assets/scaffolds.css?body=1" for 127.0.0.1 at 2014-12-07 19:05:51 -0800


Started GET "/assets/jquery_ujs.js?body=1" for 127.0.0.1 at 2014-12-07 19:05:51 -0800


Started GET "/assets/application.css?body=1" for 127.0.0.1 at 2014-12-07 19:05:51 -0800


Started GET "/assets/users.css?body=1" for 127.0.0.1 at 2014-12-07 19:05:51 -0800


Started GET "/assets/turbolinks.js?body=1" for 127.0.0.1 at 2014-12-07 19:05:51 -0800


Started GET "/assets/microposts.js?body=1" for 127.0.0.1 at 2014-12-07 19:05:51 -0800


Started GET "/assets/jquery.js?body=1" for 127.0.0.1 at 2014-12-07 19:05:51 -0800


Started GET "/assets/users.js?body=1" for 127.0.0.1 at 2014-12-07 19:05:51 -0800


Started GET "/assets/application.js?body=1" for 127.0.0.1 at 2014-12-07 19:05:51 -0800


Started GET "/users/new" for 127.0.0.1 at 2014-12-07 19:05:54 -0800
Processing by UsersController#new as HTML
  Rendered users/_form.html.erb (1.7ms)
  Rendered users/new.html.erb within layouts/application (2.9ms)
Completed 200 OK in 60ms (Views: 58.9ms | ActiveRecord: 0.0ms)


Started POST "/users" for 127.0.0.1 at 2014-12-07 19:05:57 -0800
Processing by UsersController#create as HTML
  Parameters: {"utf8"=>"✓", "authenticity_token"=>"jgZIOMjBrQZeJqbxF8blbHhMQW+KCbQX8YTfoUQjiwE=", "user"=>{"name"=>"", "email"=>"sla@aldk"}, "commit"=>"Create User"}
  [1m[35m (0.1ms)[0m  begin transaction
  [1m[36m (0.0ms)[0m  [1mrollback transaction[0m
  Rendered users/_form.html.erb (2.2ms)
  Rendered users/new.html.erb within layouts/application (3.4ms)
Completed 200 OK in 72ms (Views: 70.2ms | ActiveRecord: 0.1ms)


Started GET "/assets/scaffolds.css?body=1" for 127.0.0.1 at 2014-12-07 19:05:58 -0800


Started GET "/assets/jquery_ujs.js?body=1" for 127.0.0.1 at 2014-12-07 19:05:58 -0800


Started GET "/assets/turbolinks.js?body=1" for 127.0.0.1 at 2014-12-07 19:05:58 -0800


Started GET "/assets/application.css?body=1" for 127.0.0.1 at 2014-12-07 19:05:58 -0800


Started GET "/assets/users.js?body=1" for 127.0.0.1 at 2014-12-07 19:05:58 -0800


Started GET "/assets/jquery.js?body=1" for 127.0.0.1 at 2014-12-07 19:05:58 -0800


Started GET "/assets/microposts.js?body=1" for 127.0.0.1 at 2014-12-07 19:05:58 -0800


Started GET "/assets/application.js?body=1" for 127.0.0.1 at 2014-12-07 19:05:58 -0800


Started POST "/users" for 127.0.0.1 at 2014-12-07 19:06:03 -0800
Processing by UsersController#create as HTML
  Parameters: {"utf8"=>"✓", "authenticity_token"=>"jgZIOMjBrQZeJqbxF8blbHhMQW+KCbQX8YTfoUQjiwE=", "user"=>{"name"=>"slkd", "email"=>""}, "commit"=>"Create User"}
  [1m[35m (0.1ms)[0m  begin transaction
  [1m[36m (0.0ms)[0m  [1mrollback transaction[0m
  Rendered users/_form.html.erb (1.9ms)
  Rendered users/new.html.erb within layouts/application (2.6ms)
Completed 200 OK in 64ms (Views: 61.6ms | ActiveRecord: 0.1ms)


Started GET "/assets/scaffolds.css?body=1" for 127.0.0.1 at 2014-12-07 19:06:03 -0800


Started GET "/assets/microposts.js?body=1" for 127.0.0.1 at 2014-12-07 19:06:03 -0800


Started GET "/assets/turbolinks.js?body=1" for 127.0.0.1 at 2014-12-07 19:06:03 -0800


Started GET "/assets/application.css?body=1" for 127.0.0.1 at 2014-12-07 19:06:03 -0800


Started GET "/assets/jquery_ujs.js?body=1" for 127.0.0.1 at 2014-12-07 19:06:03 -0800


Started GET "/assets/jquery.js?body=1" for 127.0.0.1 at 2014-12-07 19:06:03 -0800


Started GET "/assets/users.js?body=1" for 127.0.0.1 at 2014-12-07 19:06:03 -0800


Started GET "/assets/application.js?body=1" for 127.0.0.1 at 2014-12-07 19:06:03 -0800


Started GET "/users" for 127.0.0.1 at 2014-12-07 19:06:05 -0800
Processing by UsersController#index as HTML
  [1m[35mUser Load (0.1ms)[0m  SELECT "users".* FROM "users"
  Rendered users/index.html.erb within layouts/application (1.1ms)
Completed 200 OK in 65ms (Views: 64.0ms | ActiveRecord: 0.1ms)


Started GET "/assets/scaffolds.css?body=1" for 127.0.0.1 at 2014-12-07 19:06:05 -0800


Started GET "/assets/application.css?body=1" for 127.0.0.1 at 2014-12-07 19:06:05 -0800


Started GET "/assets/jquery_ujs.js?body=1" for 127.0.0.1 at 2014-12-07 19:06:05 -0800


Started GET "/assets/jquery.js?body=1" for 127.0.0.1 at 2014-12-07 19:06:05 -0800


Started GET "/assets/microposts.js?body=1" for 127.0.0.1 at 2014-12-07 19:06:05 -0800


Started GET "/assets/turbolinks.js?body=1" for 127.0.0.1 at 2014-12-07 19:06:05 -0800


Started GET "/assets/users.js?body=1" for 127.0.0.1 at 2014-12-07 19:06:05 -0800


Started GET "/assets/application.js?body=1" for 127.0.0.1 at 2014-12-07 19:06:05 -0800
